=====================================================================
== C:\Program Files (x86)\Steam\steamapps\common\Arna 3 Servers\Arma 3 Server\arma3server_x64.exe
== "C:\Program Files (x86)\Steam\steamapps\common\Arna 3 Servers\Arma 3 Server\arma3server_x64.exe"  -port=2302 "-config=C:\Program Files (x86)\Steam\steamapps\common\Arna 3 Servers\Arma 3 Server\TADST\default\TADST_config.cfg" "-cfg=C:\Program Files (x86)\Steam\steamapps\common\Arna 3 Servers\Arma 3 Server\TADST\default\TADST_basic.cfg" "-profiles=C:\Program Files (x86)\Steam\steamapps\common\Arna 3 Servers\Arma 3 Server\TADST\default" -name=default -filePatching "-mod=argo;curator;heli;jets;kart;mark;orange;tacops;tank;@extDB3;@life_server;@infiSTAR_A3"

Original output filename: Arma3Retail_Server_x64
Exe timestamp: 2018/12/11 20:28:04
Current time:  2019/01/14 20:26:52

Type: Public
Build: Stable
Version: 1.88.145285

Allocator: C:\Program Files (x86)\Steam\steamapps\common\Arna 3 Servers\Arma 3 Server\Dll\tbb4malloc_bi_x64.dll [2017.0.0.0] [2017.0.0.0]
PhysMem: 16 GiB, VirtMem : 131072 GiB, AvailPhys : 7.2 GiB, AvailVirt : 131068 GiB, AvailPage : 10 GiB
=====================================================================

20:26:52 Detected number of DLCs: 20
20:26:52 DLC index:3 - unable to get DLC data
20:26:52 ----------------------------------------- Dlcs -----------------------------------------
20:26:52                                 name      appId   owned  installed  available   isDlc
20:26:52                               Arma 3     107410     yes        yes        yes      no
20:26:52                              Unknown         -1      no         no         no     yes
20:26:52                          Arma 3 Zeus     275700     yes        yes        yes     yes
20:26:52                   Arma 3 Helicopters     304380     yes        yes        yes     yes
20:26:52                   Arma 3 Laws of War     571710     yes        yes        yes     yes
20:26:52                  Arma 3 DLC Bundle 2     612480      no         no        yes     yes
20:26:52                        Arma 3 Malden     639600     yes        yes        yes     yes
20:26:52                         Arma 3 Tanks     798390      no         no        yes     yes
20:26:52      Arma 3 Alpha Lite - expires now     228800      no         no         no     yes
20:26:52                        Arma 3 Server     233780     yes        yes         no     yes
20:26:52                    Arma 3 Soundtrack     249860      no         no         no     yes
20:26:52                  Arma 3 DLC Bundle 1     304400     yes        yes        yes     yes
20:26:52                       Arma 3 Samples     390500     yes        yes         no     yes
20:26:52                          Arma 3 Apex     395180     yes        yes        yes     yes
20:26:52                          Arma 3 Jets     601670      no         no        yes     yes
20:26:52          Arma 3 Tac-Ops Mission Pack     744950      no         no        yes     yes
20:26:52                          Arma 3 Maps     249861      no         no         no     yes
20:26:52                Arma 3 Tactical Guide     249862      no         no         no     yes
20:26:52                         Arma 3 Tools     233800     yes        yes         no     yes
20:26:52                         Arma 3 Karts     288520     yes        yes        yes     yes
20:26:52                      Arma 3 Marksmen     332350     yes        yes        yes     yes
20:26:52 ----------------------------------------------------------------------------------------
20:26:52 Cannot register unknown string STR_3DEN_CAMERA_NAME
20:26:52 Cannot register unknown string STR_DIFF_SCENE_ONLY
20:26:52 Cannot register unknown string STR_DIFF_SCENE_AND_MAP
20:26:52 Initializing stats manager.
20:26:52 Stats config disabled.
20:26:52 sessionID: 8267dace777828b57991d6ff1231c377eafd93d9
20:27:07 Item str_a3_to_c01_m02_036_ta_mechanized_briefing_SOLDIERC_0 listed twice
20:27:29 Updating base class RscShortcutButton->RscButton, by a3\editor_f\config.bin/RscDisplayEditObject/Controls/B_OK/ (original bin\config.bin)
20:27:29 Updating base class RscSliderH->RscXSliderH, by a3\editor_f\config.bin/RscDisplayEditObject/Slider/ (original bin\config.bin)
20:27:29 Updating base class RscText->RscPicture, by a3\editor_f\config.bin/RscDisplayEditObject/Preview/ (original bin\config.bin)
20:27:29 Updating base class RscShortcutButton->RscButton, by a3\editor_f\config.bin/RscDisplayMissionLoad/Controls/B_OK/ (original bin\config.bin)
20:27:29 Updating base class RscShortcutButton->RscButton, by a3\editor_f\config.bin/RscDisplayMissionSave/Controls/B_OK/ (original bin\config.bin)
20:27:29 Updating base class ->RscControlsGroup, by a3\ui_f\config.bin/RscControlsGroupNoScrollbars/ (original a3\ui_f\config.bin)
20:27:29 Updating base class ->RscControlsGroup, by a3\ui_f\config.bin/RscControlsGroupNoHScrollbars/ (original a3\ui_f\config.bin)
20:27:29 Updating base class ->RscControlsGroup, by a3\ui_f\config.bin/RscControlsGroupNoVScrollbars/ (original a3\ui_f\config.bin)
20:27:29 Updating base class ->RscText, by a3\ui_f\config.bin/RscLine/ (original a3\ui_f\config.bin)
20:27:29 Updating base class ->RscActiveText, by a3\ui_f\config.bin/RscActivePicture/ (original a3\ui_f\config.bin)
20:27:29 Updating base class ->RscButton, by a3\ui_f\config.bin/RscButtonTextOnly/ (original a3\ui_f\config.bin)
20:27:29 Updating base class ->RscShortcutButton, by a3\ui_f\config.bin/RscShortcutButtonMain/ (original a3\ui_f\config.bin)
20:27:29 Updating base class ->RscShortcutButton, by a3\ui_f\config.bin/RscButtonEditor/ (original a3\ui_f\config.bin)
20:27:29 Updating base class ->RscShortcutButton, by a3\ui_f\config.bin/RscIGUIShortcutButton/ (original a3\ui_f\config.bin)
20:27:29 Updating base class ->RscShortcutButton, by a3\ui_f\config.bin/RscGearShortcutButton/ (original a3\ui_f\config.bin)
20:27:29 Updating base class ->RscShortcutButton, by a3\ui_f\config.bin/RscButtonMenu/ (original a3\ui_f\config.bin)
20:27:29 Updating base class ->RscButtonMenu, by a3\ui_f\config.bin/RscButtonMenuOK/ (original a3\ui_f\config.bin)
20:27:29 Updating base class ->RscButtonMenu, by a3\ui_f\config.bin/RscButtonMenuCancel/ (original a3\ui_f\config.bin)
20:27:29 Updating base class ->RscButtonMenu, by a3\ui_f\config.bin/RscButtonMenuSteam/ (original a3\ui_f\config.bin)
20:27:29 Updating base class ->RscText, by a3\ui_f\config.bin/RscLoadingText/ (original a3\ui_f\config.bin)
20:27:29 Updating base class ->RscListBox, by a3\ui_f\config.bin/RscIGUIListBox/ (original a3\ui_f\config.bin)
20:27:29 Updating base class ->RscListNBox, by a3\ui_f\config.bin/RscIGUIListNBox/ (original a3\ui_f\config.bin)
20:27:29 Updating base class ->RscText, by a3\ui_f\config.bin/RscBackground/ (original a3\ui_f\config.bin)
20:27:29 Updating base class ->RscText, by a3\ui_f\config.bin/RscBackgroundGUI/ (original a3\ui_f\config.bin)
20:27:29 Updating base class ->RscPicture, by a3\ui_f\config.bin/RscBackgroundGUILeft/ (original a3\ui_f\config.bin)
20:27:29 Updating base class ->RscPicture, by a3\ui_f\config.bin/RscBackgroundGUIRight/ (original a3\ui_f\config.bin)
20:27:29 Updating base class ->RscPicture, by a3\ui_f\config.bin/RscBackgroundGUIBottom/ (original a3\ui_f\config.bin)
20:27:29 Updating base class ->RscText, by a3\ui_f\config.bin/RscBackgroundGUITop/ (original a3\ui_f\config.bin)
20:27:29 Updating base class ->RscText, by a3\ui_f\config.bin/RscBackgroundGUIDark/ (original a3\ui_f\config.bin)
20:27:29 Updating base class ->RscPictureKeepAspect, by a3\ui_f\config.bin/RscBackgroundLogo/ (original a3\ui_f\config.bin)
20:27:29 Updating base class ->RscMapControl, by a3\ui_f\config.bin/RscMapControlEmpty/ (original a3\ui_f\config.bin)
20:27:29 Updating base class ->RscPicture, by a3\ui_f\config.bin/CA_Mainback/ (original a3\ui_f\config.bin)
20:27:29 Updating base class ->CA_Mainback, by a3\ui_f\config.bin/CA_Back/ (original a3\ui_f\config.bin)
20:27:29 Updating base class ->CA_Mainback, by a3\ui_f\config.bin/CA_Title_Back/ (original a3\ui_f\config.bin)
20:27:29 Updating base class ->CA_Mainback, by a3\ui_f\config.bin/CA_Black_Back/ (original a3\ui_f\config.bin)
20:27:29 Updating base class ->RscTitle, by a3\ui_f\config.bin/CA_Title/ (original a3\ui_f\config.bin)
20:27:29 Updating base class ->RscPictureKeepAspect, by a3\ui_f\config.bin/CA_Logo/ (original a3\ui_f\config.bin)
20:27:29 Updating base class ->CA_Logo, by a3\ui_f\config.bin/CA_Logo_Small/ (original a3\ui_f\config.bin)
20:27:29 Updating base class ->RscButton, by a3\ui_f\config.bin/CA_RscButton/ (original a3\ui_f\config.bin)
20:27:29 Updating base class ->CA_RscButton, by a3\ui_f\config.bin/CA_RscButton_dialog/ (original a3\ui_f\config.bin)
20:27:29 Updating base class ->RscActiveText, by a3\ui_f\config.bin/CA_Ok/ (original a3\ui_f\config.bin)
20:27:29 Updating base class ->RscText, by a3\ui_f\config.bin/CA_Ok_image/ (original a3\ui_f\config.bin)
20:27:29 Updating base class ->RscText, by a3\ui_f\config.bin/CA_Ok_image2/ (original a3\ui_f\config.bin)
20:27:29 Updating base class ->RscText, by a3\ui_f\config.bin/CA_Ok_text/ (original a3\ui_f\config.bin)
20:27:29 Updating base class ->RscPicture, by a3\ui_f\config.bin/RscVignette/ (original a3\ui_f\config.bin)
20:27:29 Updating base class ->RscControlsGroupNoScrollbars, by a3\ui_f\config.bin/RscMapControlTooltip/ (original a3\ui_f\config.bin)
20:27:29 Updating base class RscUnitInfo->RscUnitInfoAirNoWeapon, by a3\ui_f\config.bin/RscInGameUI/RscUnitInfoAir/ (original a3\ui_f\config.bin)
20:27:29 Updating base class RscControlsGroup->RscControlsGroupNoScrollbars, by a3\ui_f\config.bin/RscInGameUI/RscTaskOverview/controls/TaskOverviewAssigned/ (original bin\config.bin)
20:27:29 Updating base class RscShortcutButton->RscButtonMenu, by a3\ui_f\config.bin/RscDisplayDebug/Controls/B_OK/ (original bin\config.bin)
20:27:29 Updating base class RscShortcutButton->RscButtonMenu, by a3\ui_f\config.bin/RscDisplayDebug/Controls/B_Cancel/ (original bin\config.bin)
20:27:29 Updating base class RscShortcutButton->RscButtonMenu, by a3\ui_f\config.bin/RscDisplayDebug/Controls/B_Clear/ (original bin\config.bin)
20:27:29 Updating base class ->RscText, by a3\ui_f\config.bin/RscDisplayCapture/controls/TimeLines/ (original bin\config.bin)
20:27:29 Updating base class RscShortcutButton->RscButtonMenu, by a3\ui_f\config.bin/RscDisplayCapture/controls/ButtonAverages/ (original bin\config.bin)
20:27:29 Updating base class RscShortcutButton->RscButtonMenu, by a3\ui_f\config.bin/RscDisplayCapture/controls/ButtonSavePreviousData/ (original bin\config.bin)
20:27:29 Updating base class RscShortcutButton->RscButtonMenu, by a3\ui_f\config.bin/RscDisplayCapture/controls/ButtonPreviousData/ (original bin\config.bin)
20:27:29 Updating base class RscPicture->RscPictureKeepAspect, by a3\ui_f\config.bin/RscDisplayMain/IconPicture/ (original bin\config.bin)
20:27:29 Updating base class IconPicture->RscPictureKeepAspect, by a3\ui_f\config.bin/RscDisplayMain/DlcOwnedIconPicture/ (original a3\ui_f\config.bin)
20:27:29 Updating base class IconPicture->RscPictureKeepAspect, by a3\ui_f\config.bin/RscDisplayMain/DlcIconPicture/ (original a3\ui_f\config.bin)
20:27:29 Updating base class RscControlsGroup->RscControlsGroupNoScrollbars, by a3\ui_f\config.bin/RscDisplayCampaignLoad/controls/OverviewGroup/ (original bin\config.bin)
20:27:29 Updating base class RscButton->RscButtonSearch, by a3\ui_f\config.bin/RscDisplayCampaignLoad/controls/SearchButton/ (original bin\config.bin)
20:27:29 Updating base class RscShortcutButton->RscButtonMenuCancel, by a3\ui_f\config.bin/RscDisplayCampaignLoad/controls/ButtonCancel/ (original bin\config.bin)
20:27:29 Updating base class RscShortcutButton->RscButtonMenu, by a3\ui_f\config.bin/RscDisplayCampaignLoad/controls/ButtonGameOptions/ (original bin\config.bin)
20:27:29 Updating base class RscShortcutButton->RscButtonMenuSteam, by a3\ui_f\config.bin/RscDisplayCampaignLoad/controls/ButtonBuyDLC/ (original bin\config.bin)
20:27:29 Updating base class RscShortcutButton->RscButtonMenu, by a3\ui_f\config.bin/RscDisplayCampaignLoad/controls/ButtonRevert/ (original bin\config.bin)
20:27:29 Updating base class RscShortcutButton->RscButtonMenuOK, by a3\ui_f\config.bin/RscDisplayCampaignLoad/controls/ButtonOK/ (original bin\config.bin)
20:27:29 Updating base class RscListBox->RscCombo, by a3\ui_f\config.bin/RscDisplayCustomizeController/Steepness/ (original bin\config.bin)
20:27:29 Updating base class ->RscStandardDisplay, by a3\ui_f\config.bin/RscDisplayControlSchemes/ (original bin\config.bin)
20:27:29 Updating base class ButtonOK->RscButtonMenuCancel, by a3\ui_f\config.bin/RscDisplayControlSchemes/controls/ButtonCancel/ (original bin\config.bin)
20:27:29 Updating base class RscButton->RscButtonMenuOK, by a3\ui_f\config.bin/RscDisplayControlSchemes/controls/ButtonOK/ (original bin\config.bin)
20:27:30 Updating base class RscPicture->RscPictureKeepAspect, by a3\ui_f\config.bin/RscDisplayFileSelectImage/controls/OverviewPicture/ (original bin\config.bin)
20:27:30 Updating base class RscShortcutButton->RscButtonMenuCancel, by a3\ui_f\config.bin/RscDisplayFieldManual/Controls/ButtonCancel/ (original bin\config.bin)
20:27:30 Cannot delete class B_KickOff, it is referenced somewhere (used as a base class probably).
20:27:30 Updating base class RscButton->RscButtonMenuCancel, by a3\ui_f\config.bin/RscDisplayPublishMission/controls/ButtonCancel/ (original bin\config.bin)
20:27:30 Updating base class RscShortcutButton->RscButtonMenuOK, by a3\ui_f\config.bin/RscDisplayPublishMissionSelectTags/controls/ButtonOK/ (original bin\config.bin)
20:27:30 Updating base class ButtonOK->RscButtonMenuCancel, by a3\ui_f\config.bin/RscDisplayPublishMissionSelectTags/controls/ButtonCancel/ (original bin\config.bin)
20:27:30 Updating base class ->RscSubmenu, by a3\ui_f\config.bin/RscMainMenu/ (original bin\config.bin)
20:27:30 Updating base class None->ActiveSensorsOn, by a3\ui_f\config.bin/CfgActions/ActiveSensorsOff/ (original bin\config.bin)
20:27:30 Updating base class None->ListRightVehicleDisplay, by a3\ui_f\config.bin/CfgActions/ListLeftVehicleDisplay/ (original bin\config.bin)
20:27:30 Updating base class None->ListPrevRightVehicleDisplay, by a3\ui_f\config.bin/CfgActions/ListPrevLeftVehicleDisplay/ (original bin\config.bin)
20:27:30 Updating base class None->CloseRightVehicleDisplay, by a3\ui_f\config.bin/CfgActions/CloseLeftVehicleDisplay/ (original bin\config.bin)
20:27:30 Updating base class None->NextModeRightVehicleDisplay, by a3\ui_f\config.bin/CfgActions/NextModeLeftVehicleDisplay/ (original bin\config.bin)
20:27:30 Updating base class ->DistanceClose, by a3\ui_f\config.bin/CfgSimpleTasks/Icon3D/DistanceMid/ (original bin\config.bin)
20:27:30 Updating base class ->DistanceClose, by a3\ui_f\config.bin/CfgSimpleTasks/Icon3D/DistanceLong/ (original bin\config.bin)
20:27:30 Updating base class ->ctrlDefaultText, by a3\3den\config.bin/ctrlStatic/ (original a3\3den\config.bin)
20:27:30 Updating base class ->ctrlActiveText, by a3\3den\config.bin/ctrlActivePicture/ (original a3\3den\config.bin)
20:27:30 Updating base class ->ctrlDefaultText, by a3\3den\config.bin/ctrlStructuredText/ (original a3\3den\config.bin)
20:27:30 Updating base class ->ctrlControlsGroup, by a3\3den\config.bin/ctrlControlsGroupNoScrollbars/ (original a3\3den\config.bin)
20:27:30 Updating base class ->ctrlDefault, by a3\3den\config.bin/ctrlCheckbox/ (original a3\3den\config.bin)
20:27:30 Updating base class ->ctrlCheckbox, by a3\3den\config.bin/ctrlCheckboxBaseline/ (original a3\3den\config.bin)
20:27:30 Updating base class RscText->ctrlStaticBackgroundDisable, by a3\3den\config.bin/RscDisplayOptionsAudio/ControlsBackground/BackgroundDisable/ (original a3\3den\config.bin)
20:27:30 Updating base class RscText->ctrlStaticBackgroundDisableTiles, by a3\3den\config.bin/RscDisplayOptionsAudio/ControlsBackground/BackgroundDisableTiles/ (original a3\3den\config.bin)
20:27:30 Updating base class RscText->ctrlStaticBackgroundDisable, by a3\3den\config.bin/RscDisplayConfigure/ControlsBackground/BackgroundDisable/ (original a3\3den\config.bin)
20:27:30 Updating base class RscText->ctrlStaticBackgroundDisableTiles, by a3\3den\config.bin/RscDisplayConfigure/ControlsBackground/BackgroundDisableTiles/ (original a3\3den\config.bin)
20:27:30 Updating base class RscText->ctrlStaticBackgroundDisable, by a3\3den\config.bin/RscDisplayConfigureAction/ControlsBackground/BackgroundDisable/ (original a3\3den\config.bin)
20:27:30 Updating base class RscText->ctrlStaticBackgroundDisableTiles, by a3\3den\config.bin/RscDisplayConfigureAction/ControlsBackground/BackgroundDisableTiles/ (original a3\3den\config.bin)
20:27:30 Updating base class RscText->ctrlStaticBackgroundDisable, by a3\3den\config.bin/RscDisplayConfigureControllers/ControlsBackground/BackgroundDisable/ (original a3\3den\config.bin)
20:27:30 Updating base class RscText->ctrlStaticBackgroundDisableTiles, by a3\3den\config.bin/RscDisplayConfigureControllers/ControlsBackground/BackgroundDisableTiles/ (original a3\3den\config.bin)
20:27:30 Updating base class RscText->ctrlStaticBackgroundDisable, by a3\3den\config.bin/RscDisplayGameOptions/ControlsBackground/BackgroundDisable/ (original a3\3den\config.bin)
20:27:30 Updating base class RscText->ctrlStaticBackgroundDisableTiles, by a3\3den\config.bin/RscDisplayGameOptions/ControlsBackground/BackgroundDisableTiles/ (original a3\3den\config.bin)
20:27:30 Updating base class controls->, by a3\3den\config.bin/RscDisplayArcadeMap_Layout_2/Controls/ (original a3\ui_f\config.bin)
20:27:30 Updating base class controls->, by a3\3den\config.bin/RscDisplayArcadeMap_Layout_6/Controls/ (original a3\ui_f\config.bin)
20:27:30 Updating base class ->ctrlControlsGroupNoScrollbars, by a3\3den\config.bin/Cfg3DEN/Attributes/Default/ (original a3\3den\config.bin)
20:27:30 Updating base class ->ctrlStatic, by a3\3den\config.bin/Cfg3DEN/Attributes/Title/Controls/Title/ (original a3\3den\config.bin)
20:27:30 Updating base class ->Controls, by a3\3den\config.bin/Cfg3DEN/Attributes/Toolbox/Controls/ (original a3\modules_f\config.bin)
20:27:30 Updating base class ->Title, by a3\3den\config.bin/Cfg3DEN/Attributes/Toolbox/Controls/Title/ (original a3\3den\config.bin)
20:27:30 Updating base class ->ctrlToolbox, by a3\3den\config.bin/Cfg3DEN/Attributes/Toolbox/Controls/Value/ (original a3\3den\config.bin)
20:27:30 Updating base class I_1stRegiment->BaseGuer, by a3\missions_f_orange\config.bin/CfgORBAT/BIS/I_3rdRegiment/ (original a3\missions_f_epa\config.bin)
20:27:30 Updating base class CounterMeasureFlare->, by a3\weapons_f_orange\config.bin/FlareShell/ (original a3\weapons_f_orange\config.bin)
20:27:30 Updating base class Controls->, by a3\modules_f_tacops\config.bin/Cfg3DEN/Attributes/Toolbox/Controls/ (original a3\3den\config.bin)
20:27:30 Updating base class Controls->, by a3\modules_f_tacops\config.bin/Cfg3DEN/Attributes/Combo/Controls/ (original a3\3den\config.bin)
20:27:30 Updating base class Controls->, by a3\modules_f_tacops\config.bin/Cfg3DEN/Attributes/Slider/Controls/ (original a3\3den\config.bin)
20:27:35 Initializing Steam Manager
20:27:35 Starting initial content check.
20:27:35 Steam Manager initialized.
20:27:35 
20:27:35 ==== Loaded addons ====
20:27:35 
20:27:35 dta\bin.pbo - 145285
20:27:35 dta\core.pbo - 129618
20:27:35 dta\languagecore_f.pbo - 136608
20:27:35 C:\Program Files (x86)\Steam\steamapps\common\Arna 3 Servers\Arma 3 Server\@infiSTAR_A3\addons\a3_infistar.pbo - unknown
20:27:35 C:\Program Files (x86)\Steam\steamapps\common\Arna 3 Servers\Arma 3 Server\@life_server\addons\life_server.pbo - unknown
20:27:35 C:\Program Files (x86)\Steam\steamapps\common\Arna 3 Servers\Arma 3 Server\@extDB3\addons\extdb3.pbo - unknown
20:27:35 C:\Program Files (x86)\Steam\steamapps\common\Arna 3 Servers\Arma 3 Server\tank\addons\armor_f_tank.ebo - 135661
20:27:35 C:\Program Files (x86)\Steam\steamapps\common\Arna 3 Servers\Arma 3 Server\tank\addons\cargoposes_f_tank.ebo - 128283
20:27:35 C:\Program Files (x86)\Steam\steamapps\common\Arna 3 Servers\Arma 3 Server\tank\addons\characters_f_tank.ebo - 133719
20:27:35 C:\Program Files (x86)\Steam\steamapps\common\Arna 3 Servers\Arma 3 Server\tank\addons\data_f_tank.ebo - 128203
20:27:35 C:\Program Files (x86)\Steam\steamapps\common\Arna 3 Servers\Arma 3 Server\tank\addons\dubbing_f_tank.ebo - 127958
20:27:35 C:\Program Files (x86)\Steam\steamapps\common\Arna 3 Servers\Arma 3 Server\tank\addons\editorpreviews_f_tank.ebo - 131632
20:27:35 C:\Program Files (x86)\Steam\steamapps\common\Arna 3 Servers\Arma 3 Server\tank\addons\functions_f_tank.ebo - 125996
20:27:35 C:\Program Files (x86)\Steam\steamapps\common\Arna 3 Servers\Arma 3 Server\tank\addons\languagemissions_f_tank.ebo - 136954
20:27:35 C:\Program Files (x86)\Steam\steamapps\common\Arna 3 Servers\Arma 3 Server\tank\addons\language_f_tank.ebo - 136608
20:27:35 C:\Program Files (x86)\Steam\steamapps\common\Arna 3 Servers\Arma 3 Server\tank\addons\missions_f_tank.ebo - 130984
20:27:35 C:\Program Files (x86)\Steam\steamapps\common\Arna 3 Servers\Arma 3 Server\tank\addons\missions_f_tank_data.ebo - 128937
20:27:35 C:\Program Files (x86)\Steam\steamapps\common\Arna 3 Servers\Arma 3 Server\tank\addons\modules_f_tank.ebo - 129574
20:27:35 C:\Program Files (x86)\Steam\steamapps\common\Arna 3 Servers\Arma 3 Server\tank\addons\music_f_tank.ebo - 127912
20:27:35 C:\Program Files (x86)\Steam\steamapps\common\Arna 3 Servers\Arma 3 Server\tank\addons\props_f_tank.ebo - 131702
20:27:35 C:\Program Files (x86)\Steam\steamapps\common\Arna 3 Servers\Arma 3 Server\tank\addons\sounds_f_tank.ebo - 136239
20:27:35 C:\Program Files (x86)\Steam\steamapps\common\Arna 3 Servers\Arma 3 Server\tank\addons\structures_f_tank.ebo - 131803
20:27:35 C:\Program Files (x86)\Steam\steamapps\common\Arna 3 Servers\Arma 3 Server\tank\addons\ui_f_tank.ebo - 132532
20:27:35 C:\Program Files (x86)\Steam\steamapps\common\Arna 3 Servers\Arma 3 Server\tank\addons\weapons_f_tank.pbo - 135808
20:27:35 C:\Program Files (x86)\Steam\steamapps\common\Arna 3 Servers\Arma 3 Server\tacops\addons\characters_f_tacops.ebo - 129739
20:27:35 C:\Program Files (x86)\Steam\steamapps\common\Arna 3 Servers\Arma 3 Server\tacops\addons\data_f_tacops.ebo - 126731
20:27:35 C:\Program Files (x86)\Steam\steamapps\common\Arna 3 Servers\Arma 3 Server\tacops\addons\dubbing_f_tacops.ebo - 129340
20:27:35 C:\Program Files (x86)\Steam\steamapps\common\Arna 3 Servers\Arma 3 Server\tacops\addons\functions_f_tacops.ebo - 124382
20:27:35 C:\Program Files (x86)\Steam\steamapps\common\Arna 3 Servers\Arma 3 Server\tacops\addons\languagemissions_f_tacops.ebo - 136607
20:27:35 C:\Program Files (x86)\Steam\steamapps\common\Arna 3 Servers\Arma 3 Server\tacops\addons\language_f_tacops.ebo - 136608
20:27:35 C:\Program Files (x86)\Steam\steamapps\common\Arna 3 Servers\Arma 3 Server\tacops\addons\missions_f_tacops.ebo - 131995
20:27:35 C:\Program Files (x86)\Steam\steamapps\common\Arna 3 Servers\Arma 3 Server\tacops\addons\modules_f_tacops.ebo - 134940
20:27:35 C:\Program Files (x86)\Steam\steamapps\common\Arna 3 Servers\Arma 3 Server\tacops\addons\music_f_tacops.ebo - 124064
20:27:35 C:\Program Files (x86)\Steam\steamapps\common\Arna 3 Servers\Arma 3 Server\tacops\addons\sounds_f_tacops.ebo - 123795
20:27:35 C:\Program Files (x86)\Steam\steamapps\common\Arna 3 Servers\Arma 3 Server\tacops\addons\ui_f_tacops.ebo - 124116
20:27:35 C:\Program Files (x86)\Steam\steamapps\common\Arna 3 Servers\Arma 3 Server\orange\addons\air_f_orange.pbo - 132035
20:27:35 C:\Program Files (x86)\Steam\steamapps\common\Arna 3 Servers\Arma 3 Server\orange\addons\cargoposes_f_orange.pbo - 126225
20:27:35 C:\Program Files (x86)\Steam\steamapps\common\Arna 3 Servers\Arma 3 Server\orange\addons\characters_f_orange.pbo - 133719
20:27:35 C:\Program Files (x86)\Steam\steamapps\common\Arna 3 Servers\Arma 3 Server\orange\addons\data_f_orange.pbo - 121095
20:27:35 C:\Program Files (x86)\Steam\steamapps\common\Arna 3 Servers\Arma 3 Server\orange\addons\dubbing_f_orange.pbo - 121689
20:27:35 C:\Program Files (x86)\Steam\steamapps\common\Arna 3 Servers\Arma 3 Server\orange\addons\editorpreviews_f_orange.pbo - 123173
20:27:35 C:\Program Files (x86)\Steam\steamapps\common\Arna 3 Servers\Arma 3 Server\orange\addons\functions_f_orange.pbo - 128287
20:27:35 C:\Program Files (x86)\Steam\steamapps\common\Arna 3 Servers\Arma 3 Server\orange\addons\languagemissions_f_orange.pbo - 136608
20:27:35 C:\Program Files (x86)\Steam\steamapps\common\Arna 3 Servers\Arma 3 Server\orange\addons\language_f_orange.pbo - 136608
20:27:35 C:\Program Files (x86)\Steam\steamapps\common\Arna 3 Servers\Arma 3 Server\orange\addons\missions_f_orange.pbo - 126711
20:27:35 C:\Program Files (x86)\Steam\steamapps\common\Arna 3 Servers\Arma 3 Server\orange\addons\modules_f_orange.pbo - 119459
20:27:35 C:\Program Files (x86)\Steam\steamapps\common\Arna 3 Servers\Arma 3 Server\orange\addons\music_f_orange.pbo - 120725
20:27:35 C:\Program Files (x86)\Steam\steamapps\common\Arna 3 Servers\Arma 3 Server\orange\addons\props_f_orange.pbo - 129371
20:27:35 C:\Program Files (x86)\Steam\steamapps\common\Arna 3 Servers\Arma 3 Server\orange\addons\soft_f_orange.pbo - 132239
20:27:35 C:\Program Files (x86)\Steam\steamapps\common\Arna 3 Servers\Arma 3 Server\orange\addons\sounds_f_orange.pbo - 135584
20:27:35 C:\Program Files (x86)\Steam\steamapps\common\Arna 3 Servers\Arma 3 Server\orange\addons\structures_f_orange.pbo - 132196
20:27:35 C:\Program Files (x86)\Steam\steamapps\common\Arna 3 Servers\Arma 3 Server\orange\addons\supplies_f_orange.pbo - 129371
20:27:35 C:\Program Files (x86)\Steam\steamapps\common\Arna 3 Servers\Arma 3 Server\orange\addons\ui_f_orange.pbo - 123398
20:27:35 C:\Program Files (x86)\Steam\steamapps\common\Arna 3 Servers\Arma 3 Server\orange\addons\weapons_f_orange.pbo - 132847
20:27:35 C:\Program Files (x86)\Steam\steamapps\common\Arna 3 Servers\Arma 3 Server\mark\addons\anims_f_mark.pbo - 119457
20:27:35 C:\Program Files (x86)\Steam\steamapps\common\Arna 3 Servers\Arma 3 Server\mark\addons\characters_f_mark.pbo - 129739
20:27:35 C:\Program Files (x86)\Steam\steamapps\common\Arna 3 Servers\Arma 3 Server\mark\addons\data_f_mark.pbo - 129371
20:27:35 C:\Program Files (x86)\Steam\steamapps\common\Arna 3 Servers\Arma 3 Server\mark\addons\dubbing_f_mark.pbo - 119457
20:27:35 C:\Program Files (x86)\Steam\steamapps\common\Arna 3 Servers\Arma 3 Server\mark\addons\dubbing_f_mp_mark.pbo - 119457
20:27:35 C:\Program Files (x86)\Steam\steamapps\common\Arna 3 Servers\Arma 3 Server\mark\addons\functions_f_mark.pbo - 129645
20:27:35 C:\Program Files (x86)\Steam\steamapps\common\Arna 3 Servers\Arma 3 Server\mark\addons\functions_f_mp_mark.pbo - 129434
20:27:35 C:\Program Files (x86)\Steam\steamapps\common\Arna 3 Servers\Arma 3 Server\mark\addons\languagemissions_f_mark.pbo - 136608
20:27:35 C:\Program Files (x86)\Steam\steamapps\common\Arna 3 Servers\Arma 3 Server\mark\addons\languagemissions_f_mp_mark.pbo - 136608
20:27:35 C:\Program Files (x86)\Steam\steamapps\common\Arna 3 Servers\Arma 3 Server\mark\addons\language_f_mark.pbo - 136634
20:27:35 C:\Program Files (x86)\Steam\steamapps\common\Arna 3 Servers\Arma 3 Server\mark\addons\language_f_mp_mark.pbo - 136608
20:27:35 C:\Program Files (x86)\Steam\steamapps\common\Arna 3 Servers\Arma 3 Server\mark\addons\missions_f_mark.pbo - 122301
20:27:35 C:\Program Files (x86)\Steam\steamapps\common\Arna 3 Servers\Arma 3 Server\mark\addons\missions_f_mark_data.pbo - 119459
20:27:35 C:\Program Files (x86)\Steam\steamapps\common\Arna 3 Servers\Arma 3 Server\mark\addons\missions_f_mark_video.pbo - 119459
20:27:35 C:\Program Files (x86)\Steam\steamapps\common\Arna 3 Servers\Arma 3 Server\mark\addons\missions_f_mp_mark.pbo - 119459
20:27:35 C:\Program Files (x86)\Steam\steamapps\common\Arna 3 Servers\Arma 3 Server\mark\addons\missions_f_mp_mark_data.pbo - 119459
20:27:35 C:\Program Files (x86)\Steam\steamapps\common\Arna 3 Servers\Arma 3 Server\mark\addons\modules_f_mark.pbo - 119459
20:27:35 C:\Program Files (x86)\Steam\steamapps\common\Arna 3 Servers\Arma 3 Server\mark\addons\modules_f_mp_mark.pbo - 119459
20:27:35 C:\Program Files (x86)\Steam\steamapps\common\Arna 3 Servers\Arma 3 Server\mark\addons\music_f_mark.pbo - 119477
20:27:35 C:\Program Files (x86)\Steam\steamapps\common\Arna 3 Servers\Arma 3 Server\mark\addons\music_f_mark_music.pbo - 119477
20:27:35 C:\Program Files (x86)\Steam\steamapps\common\Arna 3 Servers\Arma 3 Server\mark\addons\sounds_f_mark.pbo - 119478
20:27:35 C:\Program Files (x86)\Steam\steamapps\common\Arna 3 Servers\Arma 3 Server\mark\addons\static_f_mark.pbo - 130728
20:27:35 C:\Program Files (x86)\Steam\steamapps\common\Arna 3 Servers\Arma 3 Server\mark\addons\structures_f_mark.pbo - 123419
20:27:35 C:\Program Files (x86)\Steam\steamapps\common\Arna 3 Servers\Arma 3 Server\mark\addons\supplies_f_mark.pbo - 129371
20:27:35 C:\Program Files (x86)\Steam\steamapps\common\Arna 3 Servers\Arma 3 Server\mark\addons\ui_f_mark.pbo - 119478
20:27:35 C:\Program Files (x86)\Steam\steamapps\common\Arna 3 Servers\Arma 3 Server\mark\addons\ui_f_mp_mark.pbo - 119478
20:27:35 C:\Program Files (x86)\Steam\steamapps\common\Arna 3 Servers\Arma 3 Server\mark\addons\weapons_f_mark.pbo - 131460
20:27:35 C:\Program Files (x86)\Steam\steamapps\common\Arna 3 Servers\Arma 3 Server\kart\addons\anims_f_kart.pbo - 123210
20:27:35 C:\Program Files (x86)\Steam\steamapps\common\Arna 3 Servers\Arma 3 Server\kart\addons\characters_f_kart.pbo - 133719
20:27:35 C:\Program Files (x86)\Steam\steamapps\common\Arna 3 Servers\Arma 3 Server\kart\addons\data_f_kart.pbo - 119457
20:27:35 C:\Program Files (x86)\Steam\steamapps\common\Arna 3 Servers\Arma 3 Server\kart\addons\languagemissions_f_kart.pbo - 136607
20:27:35 C:\Program Files (x86)\Steam\steamapps\common\Arna 3 Servers\Arma 3 Server\kart\addons\language_f_kart.pbo - 136608
20:27:35 C:\Program Files (x86)\Steam\steamapps\common\Arna 3 Servers\Arma 3 Server\kart\addons\missions_f_kart.pbo - 119459
20:27:35 C:\Program Files (x86)\Steam\steamapps\common\Arna 3 Servers\Arma 3 Server\kart\addons\missions_f_kart_data.pbo - 119459
20:27:35 C:\Program Files (x86)\Steam\steamapps\common\Arna 3 Servers\Arma 3 Server\kart\addons\modules_f_kart.pbo - 128288
20:27:35 C:\Program Files (x86)\Steam\steamapps\common\Arna 3 Servers\Arma 3 Server\kart\addons\modules_f_kart_data.pbo - 124178
20:27:35 C:\Program Files (x86)\Steam\steamapps\common\Arna 3 Servers\Arma 3 Server\kart\addons\soft_f_kart.pbo - 132531
20:27:35 C:\Program Files (x86)\Steam\steamapps\common\Arna 3 Servers\Arma 3 Server\kart\addons\sounds_f_kart.pbo - 125381
20:27:35 C:\Program Files (x86)\Steam\steamapps\common\Arna 3 Servers\Arma 3 Server\kart\addons\structures_f_kart.pbo - 123419
20:27:35 C:\Program Files (x86)\Steam\steamapps\common\Arna 3 Servers\Arma 3 Server\kart\addons\ui_f_kart.pbo - 119478
20:27:35 C:\Program Files (x86)\Steam\steamapps\common\Arna 3 Servers\Arma 3 Server\kart\addons\weapons_f_kart.pbo - 120217
20:27:35 C:\Program Files (x86)\Steam\steamapps\common\Arna 3 Servers\Arma 3 Server\jets\addons\air_f_jets.pbo - 132072
20:27:35 C:\Program Files (x86)\Steam\steamapps\common\Arna 3 Servers\Arma 3 Server\jets\addons\anims_f_jets.pbo - 123210
20:27:35 C:\Program Files (x86)\Steam\steamapps\common\Arna 3 Servers\Arma 3 Server\jets\addons\boat_f_destroyer.pbo - 132140
20:27:35 C:\Program Files (x86)\Steam\steamapps\common\Arna 3 Servers\Arma 3 Server\jets\addons\boat_f_jets.pbo - 129607
20:27:35 C:\Program Files (x86)\Steam\steamapps\common\Arna 3 Servers\Arma 3 Server\jets\addons\cargoposes_f_jets.pbo - 126225
20:27:35 C:\Program Files (x86)\Steam\steamapps\common\Arna 3 Servers\Arma 3 Server\jets\addons\characters_f_jets.pbo - 129739
20:27:35 C:\Program Files (x86)\Steam\steamapps\common\Arna 3 Servers\Arma 3 Server\jets\addons\data_f_destroyer.pbo - 132156
20:27:35 C:\Program Files (x86)\Steam\steamapps\common\Arna 3 Servers\Arma 3 Server\jets\addons\data_f_jets.pbo - 119457
20:27:35 C:\Program Files (x86)\Steam\steamapps\common\Arna 3 Servers\Arma 3 Server\jets\addons\data_f_sams.pbo - 132140
20:27:35 C:\Program Files (x86)\Steam\steamapps\common\Arna 3 Servers\Arma 3 Server\jets\addons\dubbing_f_jets.pbo - 119457
20:27:35 C:\Program Files (x86)\Steam\steamapps\common\Arna 3 Servers\Arma 3 Server\jets\addons\editorpreviews_f_destroyer.pbo - 132141
20:27:35 C:\Program Files (x86)\Steam\steamapps\common\Arna 3 Servers\Arma 3 Server\jets\addons\editorpreviews_f_jets.pbo - 119457
20:27:35 C:\Program Files (x86)\Steam\steamapps\common\Arna 3 Servers\Arma 3 Server\jets\addons\editorpreviews_f_sams.pbo - 132141
20:27:35 C:\Program Files (x86)\Steam\steamapps\common\Arna 3 Servers\Arma 3 Server\jets\addons\functions_f_destroyer.pbo - 132353
20:27:35 C:\Program Files (x86)\Steam\steamapps\common\Arna 3 Servers\Arma 3 Server\jets\addons\functions_f_jets.pbo - 119457
20:27:35 C:\Program Files (x86)\Steam\steamapps\common\Arna 3 Servers\Arma 3 Server\jets\addons\languagemissions_f_jets.pbo - 136608
20:27:35 C:\Program Files (x86)\Steam\steamapps\common\Arna 3 Servers\Arma 3 Server\jets\addons\language_f_destroyer.pbo - 136607
20:27:35 C:\Program Files (x86)\Steam\steamapps\common\Arna 3 Servers\Arma 3 Server\jets\addons\language_f_jets.pbo - 136608
20:27:35 C:\Program Files (x86)\Steam\steamapps\common\Arna 3 Servers\Arma 3 Server\jets\addons\language_f_sams.pbo - 136608
20:27:35 C:\Program Files (x86)\Steam\steamapps\common\Arna 3 Servers\Arma 3 Server\jets\addons\missions_f_jets.pbo - 130755
20:27:35 C:\Program Files (x86)\Steam\steamapps\common\Arna 3 Servers\Arma 3 Server\jets\addons\modules_f_jets.pbo - 119459
20:27:35 C:\Program Files (x86)\Steam\steamapps\common\Arna 3 Servers\Arma 3 Server\jets\addons\music_f_jets.pbo - 119459
20:27:35 C:\Program Files (x86)\Steam\steamapps\common\Arna 3 Servers\Arma 3 Server\jets\addons\props_f_destroyer.pbo - 132141
20:27:35 C:\Program Files (x86)\Steam\steamapps\common\Arna 3 Servers\Arma 3 Server\jets\addons\props_f_jets.pbo - 129371
20:27:35 C:\Program Files (x86)\Steam\steamapps\common\Arna 3 Servers\Arma 3 Server\jets\addons\sounds_f_jets.pbo - 119477
20:27:35 C:\Program Files (x86)\Steam\steamapps\common\Arna 3 Servers\Arma 3 Server\jets\addons\static_f_destroyer.pbo - 136117
20:27:35 C:\Program Files (x86)\Steam\steamapps\common\Arna 3 Servers\Arma 3 Server\jets\addons\static_f_jets.pbo - 131969
20:27:35 C:\Program Files (x86)\Steam\steamapps\common\Arna 3 Servers\Arma 3 Server\jets\addons\static_f_sams.pbo - 133561
20:27:35 C:\Program Files (x86)\Steam\steamapps\common\Arna 3 Servers\Arma 3 Server\jets\addons\ui_f_jets.pbo - 126137
20:27:35 C:\Program Files (x86)\Steam\steamapps\common\Arna 3 Servers\Arma 3 Server\jets\addons\weapons_f_destroyer.pbo - 132268
20:27:35 C:\Program Files (x86)\Steam\steamapps\common\Arna 3 Servers\Arma 3 Server\jets\addons\weapons_f_jets.pbo - 131383
20:27:35 C:\Program Files (x86)\Steam\steamapps\common\Arna 3 Servers\Arma 3 Server\jets\addons\weapons_f_sams.pbo - 132352
20:27:35 C:\Program Files (x86)\Steam\steamapps\common\Arna 3 Servers\Arma 3 Server\heli\addons\air_f_heli.pbo - 134954
20:27:35 C:\Program Files (x86)\Steam\steamapps\common\Arna 3 Servers\Arma 3 Server\heli\addons\anims_f_heli.pbo - 123210
20:27:35 C:\Program Files (x86)\Steam\steamapps\common\Arna 3 Servers\Arma 3 Server\heli\addons\boat_f_heli.pbo - 119457
20:27:35 C:\Program Files (x86)\Steam\steamapps\common\Arna 3 Servers\Arma 3 Server\heli\addons\cargoposes_f_heli.pbo - 126231
20:27:35 C:\Program Files (x86)\Steam\steamapps\common\Arna 3 Servers\Arma 3 Server\heli\addons\data_f_heli.pbo - 119457
20:27:35 C:\Program Files (x86)\Steam\steamapps\common\Arna 3 Servers\Arma 3 Server\heli\addons\dubbing_f_heli.pbo - 119457
20:27:35 C:\Program Files (x86)\Steam\steamapps\common\Arna 3 Servers\Arma 3 Server\heli\addons\functions_f_heli.pbo - 123022
20:27:35 C:\Program Files (x86)\Steam\steamapps\common\Arna 3 Servers\Arma 3 Server\heli\addons\languagemissions_f_heli.pbo - 136608
20:27:35 C:\Program Files (x86)\Steam\steamapps\common\Arna 3 Servers\Arma 3 Server\heli\addons\language_f_heli.pbo - 136608
20:27:35 C:\Program Files (x86)\Steam\steamapps\common\Arna 3 Servers\Arma 3 Server\heli\addons\missions_f_heli.pbo - 129397
20:27:35 C:\Program Files (x86)\Steam\steamapps\common\Arna 3 Servers\Arma 3 Server\heli\addons\missions_f_heli_data.pbo - 119459
20:27:35 C:\Program Files (x86)\Steam\steamapps\common\Arna 3 Servers\Arma 3 Server\heli\addons\missions_f_heli_video.pbo - 119459
20:27:35 C:\Program Files (x86)\Steam\steamapps\common\Arna 3 Servers\Arma 3 Server\heli\addons\modules_f_heli.pbo - 119459
20:27:35 C:\Program Files (x86)\Steam\steamapps\common\Arna 3 Servers\Arma 3 Server\heli\addons\music_f_heli.pbo - 119477
20:27:35 C:\Program Files (x86)\Steam\steamapps\common\Arna 3 Servers\Arma 3 Server\heli\addons\music_f_heli_music.pbo - 119477
20:27:35 C:\Program Files (x86)\Steam\steamapps\common\Arna 3 Servers\Arma 3 Server\heli\addons\soft_f_heli.pbo - 129742
20:27:35 C:\Program Files (x86)\Steam\steamapps\common\Arna 3 Servers\Arma 3 Server\heli\addons\sounds_f_heli.pbo - 119478
20:27:35 C:\Program Files (x86)\Steam\steamapps\common\Arna 3 Servers\Arma 3 Server\heli\addons\structures_f_heli.pbo - 134453
20:27:35 C:\Program Files (x86)\Steam\steamapps\common\Arna 3 Servers\Arma 3 Server\heli\addons\supplies_f_heli.pbo - 132806
20:27:35 C:\Program Files (x86)\Steam\steamapps\common\Arna 3 Servers\Arma 3 Server\heli\addons\ui_f_heli.pbo - 119478
20:27:35 C:\Program Files (x86)\Steam\steamapps\common\Arna 3 Servers\Arma 3 Server\curator\addons\data_f_curator.pbo - 134513
20:27:35 C:\Program Files (x86)\Steam\steamapps\common\Arna 3 Servers\Arma 3 Server\curator\addons\data_f_curator_music.pbo - 119457
20:27:35 C:\Program Files (x86)\Steam\steamapps\common\Arna 3 Servers\Arma 3 Server\curator\addons\functions_f_curator.pbo - 123333
20:27:35 C:\Program Files (x86)\Steam\steamapps\common\Arna 3 Servers\Arma 3 Server\curator\addons\language_f_curator.pbo - 136608
20:27:35 C:\Program Files (x86)\Steam\steamapps\common\Arna 3 Servers\Arma 3 Server\curator\addons\missions_f_curator.pbo - 121570
20:27:35 C:\Program Files (x86)\Steam\steamapps\common\Arna 3 Servers\Arma 3 Server\curator\addons\modules_f_curator.pbo - 128381
20:27:35 C:\Program Files (x86)\Steam\steamapps\common\Arna 3 Servers\Arma 3 Server\curator\addons\ui_f_curator.pbo - 130996
20:27:35 C:\Program Files (x86)\Steam\steamapps\common\Arna 3 Servers\Arma 3 Server\argo\addons\armor_f_argo.pbo - 129739
20:27:35 C:\Program Files (x86)\Steam\steamapps\common\Arna 3 Servers\Arma 3 Server\argo\addons\characters_f_patrol.pbo - 129998
20:27:35 C:\Program Files (x86)\Steam\steamapps\common\Arna 3 Servers\Arma 3 Server\argo\addons\data_f_argo.pbo - 128209
20:27:35 C:\Program Files (x86)\Steam\steamapps\common\Arna 3 Servers\Arma 3 Server\argo\addons\data_f_patrol.pbo - 121287
20:27:35 C:\Program Files (x86)\Steam\steamapps\common\Arna 3 Servers\Arma 3 Server\argo\addons\editorpreviews_f_argo.pbo - 121102
20:27:35 C:\Program Files (x86)\Steam\steamapps\common\Arna 3 Servers\Arma 3 Server\argo\addons\functions_f_patrol.pbo - 119457
20:27:35 C:\Program Files (x86)\Steam\steamapps\common\Arna 3 Servers\Arma 3 Server\argo\addons\languagemissions_f_patrol.pbo - 136608
20:27:35 C:\Program Files (x86)\Steam\steamapps\common\Arna 3 Servers\Arma 3 Server\argo\addons\language_f_argo.pbo - 136954
20:27:35 C:\Program Files (x86)\Steam\steamapps\common\Arna 3 Servers\Arma 3 Server\argo\addons\language_f_patrol.pbo - 136608
20:27:35 C:\Program Files (x86)\Steam\steamapps\common\Arna 3 Servers\Arma 3 Server\argo\addons\map_malden.pbo - 135888
20:27:35 C:\Program Files (x86)\Steam\steamapps\common\Arna 3 Servers\Arma 3 Server\argo\addons\map_malden_data.pbo - 135888
20:27:35 C:\Program Files (x86)\Steam\steamapps\common\Arna 3 Servers\Arma 3 Server\argo\addons\map_malden_data_layers.pbo - 135888
20:27:35 C:\Program Files (x86)\Steam\steamapps\common\Arna 3 Servers\Arma 3 Server\argo\addons\map_malden_scenes_f.pbo - 120026
20:27:35 C:\Program Files (x86)\Steam\steamapps\common\Arna 3 Servers\Arma 3 Server\argo\addons\missions_f_patrol.pbo - 126663
20:27:35 C:\Program Files (x86)\Steam\steamapps\common\Arna 3 Servers\Arma 3 Server\argo\addons\modules_f_patrol.pbo - 119459
20:27:35 C:\Program Files (x86)\Steam\steamapps\common\Arna 3 Servers\Arma 3 Server\argo\addons\music_f_argo.pbo - 119459
20:27:35 C:\Program Files (x86)\Steam\steamapps\common\Arna 3 Servers\Arma 3 Server\argo\addons\props_f_argo.pbo - 129371
20:27:35 C:\Program Files (x86)\Steam\steamapps\common\Arna 3 Servers\Arma 3 Server\argo\addons\rocks_f_argo.pbo - 123488
20:27:35 C:\Program Files (x86)\Steam\steamapps\common\Arna 3 Servers\Arma 3 Server\argo\addons\sounds_f_patrol.pbo - 119477
20:27:35 C:\Program Files (x86)\Steam\steamapps\common\Arna 3 Servers\Arma 3 Server\argo\addons\structures_f_argo.pbo - 128082
20:27:35 C:\Program Files (x86)\Steam\steamapps\common\Arna 3 Servers\Arma 3 Server\argo\addons\ui_f_patrol.pbo - 119478
20:27:35 C:\Program Files (x86)\Steam\steamapps\common\Arna 3 Servers\Arma 3 Server\argo\addons\vegetation_f_argo.pbo - 123488
20:27:35 C:\Program Files (x86)\Steam\steamapps\common\Arna 3 Servers\Arma 3 Server\argo\addons\weapons_f_patrol.pbo - 119478
20:27:35 C:\Program Files (x86)\Steam\steamapps\common\Arna 3 Servers\Arma 3 Server\expansion\addons\air_f_exp.pbo - 133748
20:27:35 C:\Program Files (x86)\Steam\steamapps\common\Arna 3 Servers\Arma 3 Server\expansion\addons\anims_f_exp.pbo - 126506
20:27:35 C:\Program Files (x86)\Steam\steamapps\common\Arna 3 Servers\Arma 3 Server\expansion\addons\armor_f_exp.pbo - 129739
20:27:35 C:\Program Files (x86)\Steam\steamapps\common\Arna 3 Servers\Arma 3 Server\expansion\addons\boat_f_exp.pbo - 129747
20:27:35 C:\Program Files (x86)\Steam\steamapps\common\Arna 3 Servers\Arma 3 Server\expansion\addons\cargoposes_f_exp.pbo - 126224
20:27:35 C:\Program Files (x86)\Steam\steamapps\common\Arna 3 Servers\Arma 3 Server\expansion\addons\characters_f_exp.pbo - 136616
20:27:35 C:\Program Files (x86)\Steam\steamapps\common\Arna 3 Servers\Arma 3 Server\expansion\addons\data_f_exp.pbo - 128203
20:27:35 C:\Program Files (x86)\Steam\steamapps\common\Arna 3 Servers\Arma 3 Server\expansion\addons\dubbing_f_exp.pbo - 119457
20:27:35 C:\Program Files (x86)\Steam\steamapps\common\Arna 3 Servers\Arma 3 Server\expansion\addons\dubbing_radio_f_exp.pbo - 119458
20:27:35 C:\Program Files (x86)\Steam\steamapps\common\Arna 3 Servers\Arma 3 Server\expansion\addons\dubbing_radio_f_exp_data_chi.pbo - 119458
20:27:35 C:\Program Files (x86)\Steam\steamapps\common\Arna 3 Servers\Arma 3 Server\expansion\addons\dubbing_radio_f_exp_data_engfre.pbo - 119457
20:27:35 C:\Program Files (x86)\Steam\steamapps\common\Arna 3 Servers\Arma 3 Server\expansion\addons\dubbing_radio_f_exp_data_fre.pbo - 119457
20:27:35 C:\Program Files (x86)\Steam\steamapps\common\Arna 3 Servers\Arma 3 Server\expansion\addons\editorpreviews_f_exp.pbo - 136616
20:27:35 C:\Program Files (x86)\Steam\steamapps\common\Arna 3 Servers\Arma 3 Server\expansion\addons\functions_f_exp.pbo - 132366
20:27:35 C:\Program Files (x86)\Steam\steamapps\common\Arna 3 Servers\Arma 3 Server\expansion\addons\languagemissions_f_exp.pbo - 136607
20:27:35 C:\Program Files (x86)\Steam\steamapps\common\Arna 3 Servers\Arma 3 Server\expansion\addons\language_f_exp.pbo - 136607
20:27:35 C:\Program Files (x86)\Steam\steamapps\common\Arna 3 Servers\Arma 3 Server\expansion\addons\map_data_exp.pbo - 136265
20:27:35 C:\Program Files (x86)\Steam\steamapps\common\Arna 3 Servers\Arma 3 Server\expansion\addons\map_tanoabuka.pbo - 136265
20:27:35 C:\Program Files (x86)\Steam\steamapps\common\Arna 3 Servers\Arma 3 Server\expansion\addons\map_tanoabuka_data.pbo - 135884
20:27:35 C:\Program Files (x86)\Steam\steamapps\common\Arna 3 Servers\Arma 3 Server\expansion\addons\map_tanoabuka_data_layers.pbo - 121192
20:27:35 C:\Program Files (x86)\Steam\steamapps\common\Arna 3 Servers\Arma 3 Server\expansion\addons\map_tanoabuka_data_layers_00_00.pbo - 121192
20:27:35 C:\Program Files (x86)\Steam\steamapps\common\Arna 3 Servers\Arma 3 Server\expansion\addons\map_tanoa_scenes_f.pbo - 123527
20:27:35 C:\Program Files (x86)\Steam\steamapps\common\Arna 3 Servers\Arma 3 Server\expansion\addons\missions_f_exp.pbo - 132366
20:27:35 C:\Program Files (x86)\Steam\steamapps\common\Arna 3 Servers\Arma 3 Server\expansion\addons\missions_f_exp_data.pbo - 119459
20:27:35 C:\Program Files (x86)\Steam\steamapps\common\Arna 3 Servers\Arma 3 Server\expansion\addons\missions_f_exp_video.pbo - 119459
20:27:35 C:\Program Files (x86)\Steam\steamapps\common\Arna 3 Servers\Arma 3 Server\expansion\addons\modules_f_exp.pbo - 119459
20:27:35 C:\Program Files (x86)\Steam\steamapps\common\Arna 3 Servers\Arma 3 Server\expansion\addons\music_f_exp.pbo - 119477
20:27:35 C:\Program Files (x86)\Steam\steamapps\common\Arna 3 Servers\Arma 3 Server\expansion\addons\music_f_exp_music.pbo - 119477
20:27:35 C:\Program Files (x86)\Steam\steamapps\common\Arna 3 Servers\Arma 3 Server\expansion\addons\props_f_exp.pbo - 135930
20:27:35 C:\Program Files (x86)\Steam\steamapps\common\Arna 3 Servers\Arma 3 Server\expansion\addons\rocks_f_exp.pbo - 129683
20:27:35 C:\Program Files (x86)\Steam\steamapps\common\Arna 3 Servers\Arma 3 Server\expansion\addons\soft_f_exp.pbo - 136527
20:27:35 C:\Program Files (x86)\Steam\steamapps\common\Arna 3 Servers\Arma 3 Server\expansion\addons\sounds_f_exp.pbo - 131659
20:27:35 C:\Program Files (x86)\Steam\steamapps\common\Arna 3 Servers\Arma 3 Server\expansion\addons\static_f_exp.pbo - 119478
20:27:35 C:\Program Files (x86)\Steam\steamapps\common\Arna 3 Servers\Arma 3 Server\expansion\addons\structures_f_exp.pbo - 133054
20:27:35 C:\Program Files (x86)\Steam\steamapps\common\Arna 3 Servers\Arma 3 Server\expansion\addons\structures_f_exp_civilian.pbo - 133663
20:27:35 C:\Program Files (x86)\Steam\steamapps\common\Arna 3 Servers\Arma 3 Server\expansion\addons\structures_f_exp_commercial.pbo - 136202
20:27:35 C:\Program Files (x86)\Steam\steamapps\common\Arna 3 Servers\Arma 3 Server\expansion\addons\structures_f_exp_cultural.pbo - 136265
20:27:35 C:\Program Files (x86)\Steam\steamapps\common\Arna 3 Servers\Arma 3 Server\expansion\addons\structures_f_exp_data.pbo - 133427
20:27:35 C:\Program Files (x86)\Steam\steamapps\common\Arna 3 Servers\Arma 3 Server\expansion\addons\structures_f_exp_industrial.pbo - 132886
20:27:35 C:\Program Files (x86)\Steam\steamapps\common\Arna 3 Servers\Arma 3 Server\expansion\addons\structures_f_exp_infrastructure.pbo - 134367
20:27:35 C:\Program Files (x86)\Steam\steamapps\common\Arna 3 Servers\Arma 3 Server\expansion\addons\supplies_f_exp.pbo - 129371
20:27:35 C:\Program Files (x86)\Steam\steamapps\common\Arna 3 Servers\Arma 3 Server\expansion\addons\ui_f_exp.pbo - 123398
20:27:35 C:\Program Files (x86)\Steam\steamapps\common\Arna 3 Servers\Arma 3 Server\expansion\addons\vegetation_f_exp.pbo - 135745
20:27:35 C:\Program Files (x86)\Steam\steamapps\common\Arna 3 Servers\Arma 3 Server\expansion\addons\weapons_f_exp.pbo - 136739
20:27:35 addons\3den.pbo - 136221
20:27:35 addons\3den_language.pbo - 136608
20:27:35 addons\a3.pbo - unknown
20:27:35 addons\air_f.pbo - 135631
20:27:35 addons\air_f_beta.pbo - 133761
20:27:35 addons\air_f_epb.pbo - 132034
20:27:35 addons\air_f_epc.pbo - 129848
20:27:35 addons\air_f_gamma.pbo - 130580
20:27:35 addons\animals_f.pbo - 135988
20:27:35 addons\animals_f_beta.pbo - 123208
20:27:35 addons\anims_f.pbo - 135988
20:27:35 addons\anims_f_bootcamp.pbo - 123209
20:27:35 addons\anims_f_data.pbo - 127133
20:27:35 addons\anims_f_epa.pbo - 134499
20:27:35 addons\anims_f_epc.pbo - 121358
20:27:35 addons\anims_f_exp_a.pbo - 123209
20:27:35 addons\anims_f_mod.pbo - 135280
20:27:35 addons\armor_f.pbo - 129739
20:27:35 addons\armor_f_beta.pbo - 135660
20:27:35 addons\armor_f_epb.pbo - 135660
20:27:35 addons\armor_f_epc.pbo - 135661
20:27:35 addons\armor_f_gamma.pbo - 135661
20:27:35 addons\baseconfig_f.pbo - 119457
20:27:35 addons\boat_f.pbo - 132036
20:27:35 addons\boat_f_beta.pbo - 132036
20:27:35 addons\boat_f_epc.pbo - 131911
20:27:35 addons\boat_f_gamma.pbo - 127529
20:27:35 addons\cargoposes_f.pbo - 128420
20:27:35 addons\characters_f.pbo - 136640
20:27:35 addons\characters_f_beta.pbo - 133719
20:27:35 addons\characters_f_bootcamp.pbo - 133719
20:27:35 addons\characters_f_epa.pbo - 133719
20:27:35 addons\characters_f_epb.pbo - 133719
20:27:35 addons\characters_f_epc.pbo - 133719
20:27:35 addons\characters_f_gamma.pbo - 133719
20:27:35 addons\data_f.pbo - 136108
20:27:35 addons\data_f_bootcamp.pbo - 129618
20:27:35 addons\data_f_exp_a.pbo - 119457
20:27:35 addons\data_f_exp_b.pbo - 119457
20:27:35 addons\data_f_mod.pbo - 131534
20:27:35 addons\data_f_warlords.pbo - 135843
20:27:35 addons\drones_f.pbo - 132036
20:27:35 addons\dubbing_f.pbo - 119457
20:27:35 addons\dubbing_f_beta.pbo - 119457
20:27:35 addons\dubbing_f_bootcamp.pbo - 119457
20:27:35 addons\dubbing_f_epa.pbo - 119457
20:27:35 addons\dubbing_f_epb.pbo - 119457
20:27:35 addons\dubbing_f_epc.pbo - 119457
20:27:35 addons\dubbing_f_gamma.pbo - 122449
20:27:35 addons\dubbing_f_warlords.pbo - 136700
20:27:35 addons\dubbing_radio_f.pbo - 119457
20:27:35 addons\dubbing_radio_f_data_eng.pbo - 119457
20:27:35 addons\dubbing_radio_f_data_engb.pbo - 119458
20:27:35 addons\dubbing_radio_f_data_gre.pbo - 119458
20:27:35 addons\dubbing_radio_f_data_per.pbo - 119458
20:27:35 addons\dubbing_radio_f_data_vr.pbo - 119458
20:27:35 addons\editorpreviews_f.pbo - 136616
20:27:35 addons\editor_f.pbo - 121103
20:27:35 addons\functions_f.pbo - 137107
20:27:35 addons\functions_f_bootcamp.pbo - 129770
20:27:35 addons\functions_f_epa.pbo - 119458
20:27:35 addons\functions_f_epc.pbo - 119458
20:27:35 addons\functions_f_exp_a.pbo - 122619
20:27:35 addons\functions_f_warlords.pbo - 137634
20:27:35 addons\languagemissions_f.pbo - 136607
20:27:35 addons\languagemissions_f_beta.pbo - 136607
20:27:35 addons\languagemissions_f_bootcamp.pbo - 136608
20:27:35 addons\languagemissions_f_epa.pbo - 136607
20:27:35 addons\languagemissions_f_epb.pbo - 136607
20:27:35 addons\languagemissions_f_epc.pbo - 136607
20:27:35 addons\languagemissions_f_exp_a.pbo - 136608
20:27:35 addons\languagemissions_f_gamma.pbo - 136608
20:27:35 addons\language_f.pbo - 136608
20:27:35 addons\language_f_beta.pbo - 136608
20:27:35 addons\language_f_bootcamp.pbo - 136608
20:27:35 addons\language_f_epa.pbo - 136607
20:27:35 addons\language_f_epb.pbo - 136608
20:27:35 addons\language_f_epc.pbo - 136607
20:27:35 addons\language_f_exp_a.pbo - 136607
20:27:35 addons\language_f_exp_b.pbo - 136607
20:27:35 addons\language_f_gamma.pbo - 136608
20:27:35 addons\language_f_mod.pbo - 136608
20:27:35 addons\language_f_warlords.pbo - 136955
20:27:35 addons\map_altis.pbo - 135915
20:27:35 addons\map_altis_data.pbo - 135904
20:27:35 addons\map_altis_data_layers.pbo - 135913
20:27:35 addons\map_altis_data_layers_00_00.pbo - 0000
20:27:35 addons\map_altis_data_layers_00_01.pbo - 0000
20:27:35 addons\map_altis_data_layers_01_00.pbo - 0000
20:27:35 addons\map_altis_data_layers_01_01.pbo - 0000
20:27:35 addons\map_altis_scenes_f.pbo - 119459
20:27:35 addons\map_data.pbo - 134124
20:27:35 addons\map_stratis.pbo - 135888
20:27:35 addons\map_stratis_data.pbo - 135888
20:27:35 addons\map_stratis_data_layers.pbo - 135888
20:27:35 addons\map_stratis_scenes_f.pbo - 119459
20:27:35 addons\map_vr.pbo - 135900
20:27:35 addons\map_vr_scenes_f.pbo - 119459
20:27:35 addons\misc_f.pbo - 119459
20:27:35 addons\missions_f.pbo - 129735
20:27:35 addons\missions_f_beta.pbo - 122470
20:27:35 addons\missions_f_beta_data.pbo - 119459
20:27:35 addons\missions_f_beta_video.pbo - 119459
20:27:35 addons\missions_f_bootcamp.pbo - 129645
20:27:35 addons\missions_f_bootcamp_data.pbo - 119459
20:27:35 addons\missions_f_bootcamp_video.pbo - 119459
20:27:35 addons\missions_f_data.pbo - 119459
20:27:35 addons\missions_f_epa.pbo - 132519
20:27:35 addons\missions_f_epa_data.pbo - 119459
20:27:35 addons\missions_f_epa_video.pbo - 119459
20:27:35 addons\missions_f_epb.pbo - 119459
20:27:35 addons\missions_f_epc.pbo - 119459
20:27:35 addons\missions_f_exp_a.pbo - 121496
20:27:35 addons\missions_f_exp_a_data.pbo - 119459
20:27:35 addons\missions_f_gamma.pbo - 133233
20:27:35 addons\missions_f_gamma_data.pbo - 119459
20:27:35 addons\missions_f_gamma_video.pbo - 119459
20:27:35 addons\missions_f_video.pbo - 119459
20:27:35 addons\missions_f_warlords.pbo - 137544
20:27:35 addons\modules_f.pbo - 124453
20:27:35 addons\modules_f_beta.pbo - 119459
20:27:35 addons\modules_f_beta_data.pbo - 119459
20:27:35 addons\modules_f_bootcamp.pbo - 119459
20:27:35 addons\modules_f_data.pbo - 122470
20:27:35 addons\modules_f_epb.pbo - 134655
20:27:35 addons\modules_f_exp_a.pbo - 119459
20:27:35 addons\modules_f_warlords.pbo - 136703
20:27:35 addons\music_f.pbo - 119459
20:27:35 addons\music_f_bootcamp.pbo - 119459
20:27:35 addons\music_f_bootcamp_music.pbo - 119459
20:27:35 addons\music_f_epa.pbo - 119459
20:27:35 addons\music_f_epa_music.pbo - 119459
20:27:35 addons\music_f_epb.pbo - 119459
20:27:35 addons\music_f_epb_music.pbo - 119459
20:27:35 addons\music_f_epc.pbo - 119459
20:27:35 addons\music_f_epc_music.pbo - 119477
20:27:35 addons\music_f_music.pbo - 119477
20:27:35 addons\plants_f.pbo - 126807
20:27:35 addons\props_f_exp_a.pbo - 129371
20:27:35 addons\roads_f.pbo - 127271
20:27:35 addons\rocks_f.pbo - 127271
20:27:35 addons\signs_f.pbo - 136481
20:27:35 addons\soft_f.pbo - 133870
20:27:35 addons\soft_f_beta.pbo - 133871
20:27:35 addons\soft_f_bootcamp.pbo - 129739
20:27:35 addons\soft_f_epc.pbo - 136818
20:27:35 addons\soft_f_gamma.pbo - 135248
20:27:35 addons\sounds_f.pbo - 136618
20:27:35 addons\sounds_f_arsenal.pbo - 127887
20:27:35 addons\sounds_f_bootcamp.pbo - 119477
20:27:35 addons\sounds_f_characters.pbo - 133117
20:27:35 addons\sounds_f_environment.pbo - 120046
20:27:35 addons\sounds_f_epb.pbo - 126923
20:27:35 addons\sounds_f_epc.pbo - 125380
20:27:35 addons\sounds_f_exp_a.pbo - 119477
20:27:35 addons\sounds_f_mod.pbo - 131534
20:27:35 addons\sounds_f_sfx.pbo - 119477
20:27:35 addons\sounds_f_vehicles.pbo - 128448
20:27:35 addons\static_f.pbo - 132364
20:27:35 addons\static_f_beta.pbo - 132365
20:27:35 addons\static_f_gamma.pbo - 122615
20:27:35 addons\structures_f.pbo - 136213
20:27:35 addons\structures_f_bootcamp.pbo - 123488
20:27:35 addons\structures_f_data.pbo - 130046
20:27:35 addons\structures_f_epa.pbo - 135441
20:27:35 addons\structures_f_epb.pbo - 126137
20:27:35 addons\structures_f_epc.pbo - 123407
20:27:35 addons\structures_f_exp_a.pbo - 132665
20:27:35 addons\structures_f_households.pbo - 129369
20:27:35 addons\structures_f_ind.pbo - 136213
20:27:35 addons\structures_f_mil.pbo - 135984
20:27:35 addons\structures_f_wrecks.pbo - 129371
20:27:35 addons\uifonts_f.pbo - 119478
20:27:35 addons\uifonts_f_data.pbo - 128439
20:27:35 addons\ui_f.pbo - 136109
20:27:35 addons\ui_f_bootcamp.pbo - 119478
20:27:35 addons\ui_f_data.pbo - 135221
20:27:35 addons\ui_f_exp_a.pbo - 119478
20:27:35 addons\weapons_f.pbo - 136759
20:27:35 addons\weapons_f_beta.pbo - 133007
20:27:35 addons\weapons_f_bootcamp.pbo - 124358
20:27:35 addons\weapons_f_epa.pbo - 124514
20:27:35 addons\weapons_f_epb.pbo - 124216
20:27:35 addons\weapons_f_epc.pbo - 130416
20:27:35 addons\weapons_f_gamma.pbo - 120217
20:27:35 addons\weapons_f_mod.pbo - 136854
20:27:35 
20:27:35 =======================
20:27:35 
20:27:37 ============================================================================================= List of mods ===============================================================================================
20:27:37 modsReadOnly = true
20:27:37 safeModsActivated = false
20:27:37 customMods = true
20:27:37 hash = 'D93D54D69FC6063EDF9377A52CAFC0CEE1D1E63C'
20:27:37 hashShort = '3fd09046'
20:27:37                                               name |               modDir |    default |               origin |                                     hash | hashShort | fullPath
20:27:37 ----------------------------------------------------------------------------------------------------------------------------------------------------------------------------------------------------------
20:27:37                                       @infiSTAR_A3 |         @infiSTAR_A3 |      false |             GAME DIR | 4b0a09165e1b007e61436763cced4fdb8f4fbf35 |  cf240671 | C:\Program Files (x86)\Steam\steamapps\common\Arna 3 Servers\Arma 3 Server\@infiSTAR_A3
20:27:37                                       @life_server |         @life_server |      false |             GAME DIR | 92429ef1d001fb5447328c3992fb367223ba7e86 |  14203138 | C:\Program Files (x86)\Steam\steamapps\common\Arna 3 Servers\Arma 3 Server\@life_server
20:27:37                                            @extDB3 |              @extDB3 |      false |             GAME DIR | fc2fba11513d2d95850f3dedcc1df4465c19283e |  5518e4df | C:\Program Files (x86)\Steam\steamapps\common\Arna 3 Servers\Arma 3 Server\@extDB3
20:27:37                                       Arma 3 Tanks |                 tank |       true |             GAME DIR | 1687d1a28082a88df48d9a56f2f39bd547c059c4 |  df9a305a | C:\Program Files (x86)\Steam\steamapps\common\Arna 3 Servers\Arma 3 Server\tank
20:27:37                                     Arma 3 Tac-Ops |               tacops |       true |             GAME DIR | 681413cb6415a601f1e0728a6c25720be3d49ae4 |  e5ebfd02 | C:\Program Files (x86)\Steam\steamapps\common\Arna 3 Servers\Arma 3 Server\tacops
20:27:37                                 Arma 3 Laws of War |               orange |       true |             GAME DIR | 6e8274be7b769cfd0472e7a3034f95f80492ce83 |  eaa5b563 | C:\Program Files (x86)\Steam\steamapps\common\Arna 3 Servers\Arma 3 Server\orange
20:27:37                                    Arma 3 Marksmen |                 mark |       true |             GAME DIR | 8a4f6eb4dc1c96b47ea37bc1bafbe161df71dc93 |  267c31c4 | C:\Program Files (x86)\Steam\steamapps\common\Arna 3 Servers\Arma 3 Server\mark
20:27:37                                       Arma 3 Karts |                 kart |       true |             GAME DIR | 6b1e56eed8f1e8bf598576c32be2f440eda5bf1f |  5e2d7aba | C:\Program Files (x86)\Steam\steamapps\common\Arna 3 Servers\Arma 3 Server\kart
20:27:37                                        Arma 3 Jets |                 jets |       true |             GAME DIR | 7483cc52ff5decc7a262a40353703f75663c70c2 |  5e99a6c1 | C:\Program Files (x86)\Steam\steamapps\common\Arna 3 Servers\Arma 3 Server\jets
20:27:37                                 Arma 3 Helicopters |                 heli |       true |             GAME DIR | 0d9b4822c62634ca9dac79f18f6efab669971211 |  3473e417 | C:\Program Files (x86)\Steam\steamapps\common\Arna 3 Servers\Arma 3 Server\heli
20:27:37                                        Arma 3 Zeus |              curator |       true |             GAME DIR | bc4789f5b4e1fc0cff757c153778678b2489d718 |  eaf13475 | C:\Program Files (x86)\Steam\steamapps\common\Arna 3 Servers\Arma 3 Server\curator
20:27:37                                      Arma 3 Malden |                 argo |       true |             GAME DIR | adc7fbd43eabf6acc97aef5f87b2b5e3f2b33b08 |  f784a4d6 | C:\Program Files (x86)\Steam\steamapps\common\Arna 3 Servers\Arma 3 Server\argo
20:27:37                                Arma 3 DLC Bundle 2 |           dlcbundle2 |       true |            NOT FOUND |                                          |           | 
20:27:37                                Arma 3 DLC Bundle 1 |            dlcbundle |       true |            NOT FOUND |                                          |           | 
20:27:37                                        Arma 3 Apex |            expansion |       true |             GAME DIR | 559a5cf8309fee9d3297b17f481dd23d0e7c1cdb |  578970e7 | C:\Program Files (x86)\Steam\steamapps\common\Arna 3 Servers\Arma 3 Server\expansion
20:27:37                                             Arma 3 |                   A3 |       true |            NOT FOUND |                                          |           | 
20:27:37 ==========================================================================================================================================================================================================
20:27:37 InitSound ...
20:27:37 InitSound - complete
20:27:37 PhysX3 SDK Init started ...
20:27:37 PhysX3 SDK Init ended.
20:27:47 core\skyobject\skyobject.p3d: No geometry and no visual shape
20:27:47 a3\data_f\krater.p3d: No geometry and no visual shape
20:27:47 a3\data_f\koule.p3d: No geometry and no visual shape
20:27:48 Warning Message: You cannot play/edit this mission; it is dependent on downloadable content that has been deleted.
a3_characters_f
20:27:48 Loading movesType CfgGesturesMale
20:27:48 Animation a3\anims_f\data\anim\sdr\gst\gestureempty.rtm not found or empty
20:27:50 MovesType CfgGesturesMale load time 2203 ms
20:27:50 Loading movesType CfgMovesMaleSdr
20:27:58 MovesType CfgMovesMaleSdr load time 7681 ms
20:27:58 a3\characters_f\proxies\flag.p3d: No geometry and no visual shape
20:27:58 VoteThreshold must be in 0..1 range. Defaulting to 0.5
Initializing Steam server - Game Port: 2302, Steam Query Port: 2303
Steam AppId in current environment: 107410
Connected to Steam servers
Unsupported language English in stringtable
Unsupported language English in stringtable
Server error: Player without identity Aquaman (id 855315667)
Server error: Player without identity Aquaman (id 855315667)
Server error: Player without identity Aquaman (id 855315667)
Server error: Player without identity Aquaman (id 855315667)
Server error: Player without identity Aquaman (id 855315667)
Server error: Player without identity Aquaman (id 855315667)
Server error: Player without identity Aquaman (id 855315667)
Server error: Player without identity Aquaman (id 855315667)
Server error: Player without identity Aquaman (id 855315667)
Server error: Player without identity Aquaman (id 855315667)
Server error: Player without identity Aquaman (id 855315667)
Server error: Player without identity Aquaman (id 855315667)
Server error: Player without identity Aquaman (id 855315667)
Server error: Player without identity Aquaman (id 855315667)
Server error: Player without identity Aquaman (id 855315667)
Server error: Player without identity Aquaman (id 855315667)
Server error: Player without identity Aquaman (id 855315667)
Server error: Player without identity Aquaman (id 855315667)
Server error: Player without identity Aquaman (id 855315667)
Server error: Player without identity Aquaman (id 855315667)
Starting mission:
 Mission file: Altis_Life (__cur_mp)
 Mission world: Altis
 Mission directory: mpmissions\__cur_mp.Altis\
a3\data_f\blesk1.p3d: No geometry and no visual shape
a3\data_f\blesk2.p3d: No geometry and no visual shape
a3\data_f\raindrop.p3d: No geometry and no visual shape
a3\map_stratis\data\obloha.p3d: No geometry and no visual shape
a3\data_f\stars.p3d: No geometry and no visual shape
a3\map_stratis\data\horizont.p3d: No geometry and no visual shape
a3\data_f\rainbow.p3d: No geometry and no visual shape
Strange convex component202 in a3\structures_f\households\house_small01\d_house_small_01_v1_f.p3d:geometryView
Strange convex component203 in a3\structures_f\households\house_small01\d_house_small_01_v1_f.p3d:geometryView
Strange convex component145 in a3\plants_f\tree\t_pinuss2s_b_f.p3d:geometryView
Strange convex component149 in a3\plants_f\tree\t_pinuss2s_b_f.p3d:geometryView
Strange convex component65 in a3\rocks_f\sharp\sharprock_wallh.p3d:geometryFire
Strange convex component06 in a3\rocks_f\sharp\sharprock_monolith.p3d:geometryFire
Strange convex component18 in a3\rocks_f\sharp\sharprock_monolith.p3d:geometryFire
Strange convex component30 in a3\rocks_f\sharp\sharprock_monolith.p3d:geometryFire
Strange convex component31 in a3\rocks_f\sharp\sharprock_monolith.p3d:geometryFire
Strange convex component32 in a3\rocks_f\sharp\sharprock_monolith.p3d:geometryFire
Strange convex component42 in a3\rocks_f\sharp\sharprock_monolith.p3d:geometryFire
Strange convex component43 in a3\rocks_f\sharp\sharprock_monolith.p3d:geometryFire
Strange convex component44 in a3\rocks_f\sharp\sharprock_monolith.p3d:geometryFire
Strange convex component46 in a3\rocks_f\sharp\sharprock_monolith.p3d:geometryFire
Strange convex component58 in a3\rocks_f\sharp\sharprock_monolith.p3d:geometryFire
Strange convex component64 in a3\rocks_f\sharp\sharprock_monolith.p3d:geometryFire
Strange convex component76 in a3\rocks_f\sharp\sharprock_monolith.p3d:geometryFire
Strange convex component98 in a3\rocks_f\sharp\sharprock_monolith.p3d:geometryFire
Strange convex component100 in a3\rocks_f\sharp\sharprock_monolith.p3d:geometryFire
Strange convex component132 in a3\rocks_f\sharp\sharprock_monolith.p3d:geometryFire
Strange convex component145 in a3\rocks_f\sharp\sharprock_monolith.p3d:geometryFire
Strange convex component149 in a3\rocks_f\sharp\sharprock_monolith.p3d:geometryFire
Strange convex component151 in a3\rocks_f\sharp\sharprock_monolith.p3d:geometryFire
Strange convex component167 in a3\rocks_f\sharp\sharprock_monolith.p3d:geometryFire
Strange convex component198 in a3\rocks_f\sharp\sharprock_monolith.p3d:geometryFire
Strange convex component244 in a3\rocks_f\sharp\sharprock_monolith.p3d:geometryFire
Strange convex component304 in a3\rocks_f\sharp\sharprock_monolith.p3d:geometryFire
Strange convex component310 in a3\rocks_f\sharp\sharprock_monolith.p3d:geometryFire
Strange convex component337 in a3\rocks_f\sharp\sharprock_monolith.p3d:geometryFire
Strange convex component353 in a3\rocks_f\sharp\sharprock_monolith.p3d:geometryFire
Strange convex component378 in a3\rocks_f\sharp\sharprock_monolith.p3d:geometryFire
Strange convex component05 in a3\rocks_f\sharp\sharprock_spike.p3d:geometryFire
Strange convex component74 in a3\rocks_f\sharp\sharprock_spike.p3d:geometryFire
Strange convex component202 in a3\rocks_f\sharp\sharprock_spike.p3d:geometryFire
Strange convex component391 in a3\rocks_f\sharp\sharprock_spike.p3d:geometryFire
"---------------------------------------------------------------------"
"---------------------------------------------------------------------"
CallExtension loaded: extDB3 (C:\Program Files (x86)\Steam\steamapps\common\Arna 3 Servers\Arma 3 Server\@extDB3\extDB3_x64.dll) []

"extDB3 Loaded"
"---------------------------------------------------------------------"
"---------------------------------------------------------------------"
a3\structures_f\mil\flags\flag_f.p3d: No geometry and no visual shape
a3\weapons_f\binocular\nvg_proxy.p3d: No geometry and no visual shape
a3\characters_f\heads\glasses\g_shades_black.p3d: No geometry and no visual shape
a3\weapons_f\binocular\nvg_proxy_opfor.p3d: No geometry and no visual shape
a3\weapons_f\binocular\nvg_proxy_opfor.p3d: No geometry and no visual shape
a3\weapons_f\binocular\nvg_proxy_off_opfor.p3d: No geometry and no visual shape
No speaker given for 'Ali Ngige'
a3\characters_f_beta\heads\glasses\g_shades_green.p3d: No geometry and no visual shape
No speaker given for 'Ali Okonkwo'
a3\characters_f_gamma\heads\glasses\g_aviators.p3d: No geometry and no visual shape
No speaker given for 'Dixon Walker'
a3\characters_f_beta\heads\glasses\g_shades_red.p3d: No geometry and no visual shape
No speaker given for 'Hamidi Azikiwe'
No speaker given for 'Hu Chang'
soldier[B_diver_F]:Some of magazines weren't stored in soldier Vest or Uniform?
No speaker given for 'Tavish Anderson'
No speaker given for 'Donald Warren'
No speaker given for 'Mike Thompson'
No speaker given for 'Spencer Bennett'
No speaker given for 'Muhammad Okeke'
No speaker given for 'Mike White'
No speaker given for 'Connor Hill'
No speaker given for 'Kyle Young'
No speaker given for 'Dong Yeung'
No speaker given for 'Lu Chen'
No speaker given for 'Samuel Newton'
No speaker given for 'Luke O'Sullivan'
No speaker given for 'Jamie Taylor'
a3\characters_f\heads\glasses\g_shades_blue.p3d: No geometry and no visual shape
No speaker given for 'Lu Kung'
No speaker given for 'Archie Conrad'
No speaker given for 'Matthew White'
No speaker given for 'Oliver Clark'
soldier[B_diver_F]:Some of magazines weren't stored in soldier Vest or Uniform?
No speaker given for 'Max Jones'
No speaker given for 'Katungi Sesse-Seko'
No speaker given for 'Jake Anderson'
No speaker given for 'Dwan Smith'
No speaker given for 'Greer Nelson'
No speaker given for 'Keith Harris'
No speaker given for 'Greer Moore'
Wrong vertex mapping for person collision geometry found in a3\characters_f_epc\civil\c_nikos_aged.p3d. Selection 1c not found
Wrong vertex mapping for person collision geometry found in a3\characters_f_epc\civil\c_nikos_aged.p3d. Selection 2c not found
Wrong vertex mapping for person collision geometry found in a3\characters_f_epc\civil\c_nikos_aged.p3d. Selection 3c not found
Wrong vertex mapping for person collision geometry found in a3\characters_f_epc\civil\c_nikos_aged.p3d. Selection 4c not found
Wrong vertex mapping for person collision geometry found in a3\characters_f_epc\civil\c_nikos_aged.p3d. Selection 5c not found
Wrong vertex mapping for person collision geometry found in a3\characters_f_epc\civil\c_nikos_aged.p3d. Selection 6c not found
Wrong vertex mapping for person collision geometry found in a3\characters_f_epc\civil\c_nikos_aged.p3d. Selection 7c not found
Wrong vertex mapping for person collision geometry found in a3\characters_f_epc\civil\c_nikos_aged.p3d. Selection 8c not found
Wrong geometry convex component mapping  for person collision geometry found in a3\characters_f_epc\civil\c_nikos_aged.p3d. Convex component number 3. not found
No speaker given for 'Evangelos Costas'
No speaker given for 'Vasilis Karmanlis'
No speaker given for 'Evripidis Karmanlis'
No speaker given for 'Michalis Mastori'
No speaker given for 'Vasilis Zenon'
No speaker given for 'Kouris Manelia'
No speaker given for 'Angelos Nicolau'
No speaker given for 'Michalis Petridis'
No speaker given for 'Samaras Athanasiadis'
No speaker given for 'Biton Christou'
No speaker given for 'Fotini Dimitriadis'
No speaker given for 'Militiadis Manelia'
No speaker given for 'Sotiris Gikas'
No speaker given for 'Thanos Kammenou'
No speaker given for 'Sotiris Stanis'
No speaker given for 'Evripidis Manetta'
No speaker given for 'Nicolo Nicolau'
No speaker given for 'Costa Stanis'
No speaker given for 'Militiadis Papadopoulos'
No speaker given for 'Thamos Malas'
No speaker given for 'Panos Ioannou'
No speaker given for 'Thanos Ioannou'
No speaker given for 'Vasilis Elias'
No speaker given for 'Gamba Achebe'
Strange convex component116 in a3\rocks_f\sharp\sharprock_apart.p3d:geometryFire
Strange convex component117 in a3\rocks_f\sharp\sharprock_apart.p3d:geometryFire
Strange convex component118 in a3\rocks_f\sharp\sharprock_apart.p3d:geometryFire
Strange convex component119 in a3\rocks_f\sharp\sharprock_apart.p3d:geometryFire
CallExtension loaded: updatearmalog (C:\Program Files (x86)\Steam\steamapps\common\Arna 3 Servers\Arma 3 Server\@infiSTAR_A3\updatearmalog_x64.dll) [] []

"<infiSTAR.de> updatearmalog callExtension: [14.01.2019][20:29:53] Failed to update armalog_x64.dll"
Error: Object(2 : 662) not found
c:\bis\source\stable\futura\lib\network\networkserver.cpp NetworkServer::OnClientStateChanged:NOT IMPLEMENTED - briefing!
CallExtension loaded: armalog (C:\Program Files (x86)\Steam\steamapps\common\Arna 3 Servers\Arma 3 Server\@infiSTAR_A3\armalog_x64.dll) [1.2.5.9] [1.2.5.9]

Attempt to override final function - bis_fnc_storeparamsvalues_data
"<infiSTAR.de> Can not load infiSTAR"
"<infiSTAR.de> 7c1f2ced35b1"
"<infiSTAR.de> cb76e46c83db5e8fe26e476f117876bd"
"<infiSTAR.de> NMD | Dan"
"<infiSTAR.de> START ERROR: PROTECTION: Server IP (2a00:23c4:c60a:e900:dc08:f2c:908c:134d) is not whitelisted for cb76e46c83db5e8fe26e476f117876bd - please go to (https://webinterface.infistar.de/licenses) to manage the whitelist."
"extDB3: Connected to Database"
"----------------------------------------------------------------------------------------------------"
"---------------------------------- Starting Altis Life Server Init ---------------------------------"
"------------------------------------------ Version 5.0.0 -------------------------------------------"
"----------------------------------------------------------------------------------------------------"
Strange convex component322 in a3\structures_f\research\dome_big_f.p3d:geometryFire
Strange convex component327 in a3\structures_f\research\dome_big_f.p3d:geometryFire
"----------------------------------------------------------------------------------------------------"
"               End of Altis Life Server Init :: Total Execution Time 0.194 seconds "
"----------------------------------------------------------------------------------------------------"
 Mission id: 5b9007e6b3666bd293a6ecf30e2294764674b2b2
Error: Object(4 : 6) not found
a3\data_f\proxies\flags\flag_auto.p3d: No geometry and no visual shape
