=====================================================================
== C:\Program Files (x86)\Steam\steamapps\common\Arna 3 Servers\Arma 3 Server\arma3server_x64.exe
== "C:\Program Files (x86)\Steam\steamapps\common\Arna 3 Servers\Arma 3 Server\arma3server_x64.exe"  -port=2302 "-config=C:\Program Files (x86)\Steam\steamapps\common\Arna 3 Servers\Arma 3 Server\TADST\default\TADST_config.cfg" "-cfg=C:\Program Files (x86)\Steam\steamapps\common\Arna 3 Servers\Arma 3 Server\TADST\default\TADST_basic.cfg" "-profiles=C:\Program Files (x86)\Steam\steamapps\common\Arna 3 Servers\Arma 3 Server\TADST\default" -name=default -filePatching "-mod=argo;curator;heli;jets;kart;mark;orange;tacops;tank;@extDB3;@life_server;@infiSTAR_A3"

Original output filename: Arma3Retail_Server_x64
Exe timestamp: 2018/12/11 20:28:04
Current time:  2019/01/14 19:49:22

Type: Public
Build: Stable
Version: 1.88.145285

Allocator: C:\Program Files (x86)\Steam\steamapps\common\Arna 3 Servers\Arma 3 Server\Dll\tbb4malloc_bi_x64.dll [2017.0.0.0] [2017.0.0.0]
PhysMem: 16 GiB, VirtMem : 131072 GiB, AvailPhys : 4.2 GiB, AvailVirt : 131068 GiB, AvailPage : 5.7 GiB
=====================================================================

19:49:22 Detected number of DLCs: 20
19:49:22 DLC index:3 - unable to get DLC data
19:49:22 ----------------------------------------- Dlcs -----------------------------------------
19:49:22                                 name      appId   owned  installed  available   isDlc
19:49:22                               Arma 3     107410     yes        yes        yes      no
19:49:22                              Unknown         -1      no         no         no     yes
19:49:22                          Arma 3 Zeus     275700     yes        yes        yes     yes
19:49:22                   Arma 3 Helicopters     304380     yes        yes        yes     yes
19:49:22                   Arma 3 Laws of War     571710     yes        yes        yes     yes
19:49:22                  Arma 3 DLC Bundle 2     612480      no         no        yes     yes
19:49:22                        Arma 3 Malden     639600     yes        yes        yes     yes
19:49:22                         Arma 3 Tanks     798390      no         no        yes     yes
19:49:22      Arma 3 Alpha Lite - expires now     228800      no         no         no     yes
19:49:22                        Arma 3 Server     233780     yes        yes         no     yes
19:49:22                    Arma 3 Soundtrack     249860      no         no         no     yes
19:49:22                  Arma 3 DLC Bundle 1     304400     yes        yes        yes     yes
19:49:22                       Arma 3 Samples     390500     yes        yes         no     yes
19:49:22                          Arma 3 Apex     395180     yes        yes        yes     yes
19:49:22                          Arma 3 Jets     601670      no         no        yes     yes
19:49:22          Arma 3 Tac-Ops Mission Pack     744950      no         no        yes     yes
19:49:22                          Arma 3 Maps     249861      no         no         no     yes
19:49:22                Arma 3 Tactical Guide     249862      no         no         no     yes
19:49:22                         Arma 3 Tools     233800     yes        yes         no     yes
19:49:22                         Arma 3 Karts     288520     yes        yes        yes     yes
19:49:22                      Arma 3 Marksmen     332350     yes        yes        yes     yes
19:49:22 ----------------------------------------------------------------------------------------
19:49:22 Cannot register unknown string STR_3DEN_CAMERA_NAME
19:49:22 Cannot register unknown string STR_DIFF_SCENE_ONLY
19:49:22 Cannot register unknown string STR_DIFF_SCENE_AND_MAP
19:49:23 Initializing stats manager.
19:49:23 Stats config disabled.
19:49:23 sessionID: cdbc6dbd9ac76abdf7211a91e574deddf1649ec2
19:49:31 Item str_a3_to_c01_m02_036_ta_mechanized_briefing_SOLDIERC_0 listed twice
19:49:37 Updating base class RscShortcutButton->RscButton, by a3\editor_f\config.bin/RscDisplayEditObject/Controls/B_OK/ (original bin\config.bin)
19:49:37 Updating base class RscSliderH->RscXSliderH, by a3\editor_f\config.bin/RscDisplayEditObject/Slider/ (original bin\config.bin)
19:49:37 Updating base class RscText->RscPicture, by a3\editor_f\config.bin/RscDisplayEditObject/Preview/ (original bin\config.bin)
19:49:37 Updating base class RscShortcutButton->RscButton, by a3\editor_f\config.bin/RscDisplayMissionLoad/Controls/B_OK/ (original bin\config.bin)
19:49:37 Updating base class RscShortcutButton->RscButton, by a3\editor_f\config.bin/RscDisplayMissionSave/Controls/B_OK/ (original bin\config.bin)
19:49:37 Updating base class ->RscControlsGroup, by a3\ui_f\config.bin/RscControlsGroupNoScrollbars/ (original a3\ui_f\config.bin)
19:49:37 Updating base class ->RscControlsGroup, by a3\ui_f\config.bin/RscControlsGroupNoHScrollbars/ (original a3\ui_f\config.bin)
19:49:37 Updating base class ->RscControlsGroup, by a3\ui_f\config.bin/RscControlsGroupNoVScrollbars/ (original a3\ui_f\config.bin)
19:49:37 Updating base class ->RscText, by a3\ui_f\config.bin/RscLine/ (original a3\ui_f\config.bin)
19:49:37 Updating base class ->RscActiveText, by a3\ui_f\config.bin/RscActivePicture/ (original a3\ui_f\config.bin)
19:49:37 Updating base class ->RscButton, by a3\ui_f\config.bin/RscButtonTextOnly/ (original a3\ui_f\config.bin)
19:49:37 Updating base class ->RscShortcutButton, by a3\ui_f\config.bin/RscShortcutButtonMain/ (original a3\ui_f\config.bin)
19:49:37 Updating base class ->RscShortcutButton, by a3\ui_f\config.bin/RscButtonEditor/ (original a3\ui_f\config.bin)
19:49:37 Updating base class ->RscShortcutButton, by a3\ui_f\config.bin/RscIGUIShortcutButton/ (original a3\ui_f\config.bin)
19:49:37 Updating base class ->RscShortcutButton, by a3\ui_f\config.bin/RscGearShortcutButton/ (original a3\ui_f\config.bin)
19:49:37 Updating base class ->RscShortcutButton, by a3\ui_f\config.bin/RscButtonMenu/ (original a3\ui_f\config.bin)
19:49:37 Updating base class ->RscButtonMenu, by a3\ui_f\config.bin/RscButtonMenuOK/ (original a3\ui_f\config.bin)
19:49:37 Updating base class ->RscButtonMenu, by a3\ui_f\config.bin/RscButtonMenuCancel/ (original a3\ui_f\config.bin)
19:49:37 Updating base class ->RscButtonMenu, by a3\ui_f\config.bin/RscButtonMenuSteam/ (original a3\ui_f\config.bin)
19:49:37 Updating base class ->RscText, by a3\ui_f\config.bin/RscLoadingText/ (original a3\ui_f\config.bin)
19:49:37 Updating base class ->RscListBox, by a3\ui_f\config.bin/RscIGUIListBox/ (original a3\ui_f\config.bin)
19:49:37 Updating base class ->RscListNBox, by a3\ui_f\config.bin/RscIGUIListNBox/ (original a3\ui_f\config.bin)
19:49:37 Updating base class ->RscText, by a3\ui_f\config.bin/RscBackground/ (original a3\ui_f\config.bin)
19:49:37 Updating base class ->RscText, by a3\ui_f\config.bin/RscBackgroundGUI/ (original a3\ui_f\config.bin)
19:49:37 Updating base class ->RscPicture, by a3\ui_f\config.bin/RscBackgroundGUILeft/ (original a3\ui_f\config.bin)
19:49:37 Updating base class ->RscPicture, by a3\ui_f\config.bin/RscBackgroundGUIRight/ (original a3\ui_f\config.bin)
19:49:37 Updating base class ->RscPicture, by a3\ui_f\config.bin/RscBackgroundGUIBottom/ (original a3\ui_f\config.bin)
19:49:37 Updating base class ->RscText, by a3\ui_f\config.bin/RscBackgroundGUITop/ (original a3\ui_f\config.bin)
19:49:37 Updating base class ->RscText, by a3\ui_f\config.bin/RscBackgroundGUIDark/ (original a3\ui_f\config.bin)
19:49:37 Updating base class ->RscPictureKeepAspect, by a3\ui_f\config.bin/RscBackgroundLogo/ (original a3\ui_f\config.bin)
19:49:37 Updating base class ->RscMapControl, by a3\ui_f\config.bin/RscMapControlEmpty/ (original a3\ui_f\config.bin)
19:49:37 Updating base class ->RscPicture, by a3\ui_f\config.bin/CA_Mainback/ (original a3\ui_f\config.bin)
19:49:37 Updating base class ->CA_Mainback, by a3\ui_f\config.bin/CA_Back/ (original a3\ui_f\config.bin)
19:49:37 Updating base class ->CA_Mainback, by a3\ui_f\config.bin/CA_Title_Back/ (original a3\ui_f\config.bin)
19:49:37 Updating base class ->CA_Mainback, by a3\ui_f\config.bin/CA_Black_Back/ (original a3\ui_f\config.bin)
19:49:37 Updating base class ->RscTitle, by a3\ui_f\config.bin/CA_Title/ (original a3\ui_f\config.bin)
19:49:37 Updating base class ->RscPictureKeepAspect, by a3\ui_f\config.bin/CA_Logo/ (original a3\ui_f\config.bin)
19:49:37 Updating base class ->CA_Logo, by a3\ui_f\config.bin/CA_Logo_Small/ (original a3\ui_f\config.bin)
19:49:37 Updating base class ->RscButton, by a3\ui_f\config.bin/CA_RscButton/ (original a3\ui_f\config.bin)
19:49:37 Updating base class ->CA_RscButton, by a3\ui_f\config.bin/CA_RscButton_dialog/ (original a3\ui_f\config.bin)
19:49:37 Updating base class ->RscActiveText, by a3\ui_f\config.bin/CA_Ok/ (original a3\ui_f\config.bin)
19:49:37 Updating base class ->RscText, by a3\ui_f\config.bin/CA_Ok_image/ (original a3\ui_f\config.bin)
19:49:37 Updating base class ->RscText, by a3\ui_f\config.bin/CA_Ok_image2/ (original a3\ui_f\config.bin)
19:49:37 Updating base class ->RscText, by a3\ui_f\config.bin/CA_Ok_text/ (original a3\ui_f\config.bin)
19:49:37 Updating base class ->RscPicture, by a3\ui_f\config.bin/RscVignette/ (original a3\ui_f\config.bin)
19:49:37 Updating base class ->RscControlsGroupNoScrollbars, by a3\ui_f\config.bin/RscMapControlTooltip/ (original a3\ui_f\config.bin)
19:49:37 Updating base class RscUnitInfo->RscUnitInfoAirNoWeapon, by a3\ui_f\config.bin/RscInGameUI/RscUnitInfoAir/ (original a3\ui_f\config.bin)
19:49:37 Updating base class RscControlsGroup->RscControlsGroupNoScrollbars, by a3\ui_f\config.bin/RscInGameUI/RscTaskOverview/controls/TaskOverviewAssigned/ (original bin\config.bin)
19:49:37 Updating base class RscShortcutButton->RscButtonMenu, by a3\ui_f\config.bin/RscDisplayDebug/Controls/B_OK/ (original bin\config.bin)
19:49:37 Updating base class RscShortcutButton->RscButtonMenu, by a3\ui_f\config.bin/RscDisplayDebug/Controls/B_Cancel/ (original bin\config.bin)
19:49:37 Updating base class RscShortcutButton->RscButtonMenu, by a3\ui_f\config.bin/RscDisplayDebug/Controls/B_Clear/ (original bin\config.bin)
19:49:37 Updating base class ->RscText, by a3\ui_f\config.bin/RscDisplayCapture/controls/TimeLines/ (original bin\config.bin)
19:49:37 Updating base class RscShortcutButton->RscButtonMenu, by a3\ui_f\config.bin/RscDisplayCapture/controls/ButtonAverages/ (original bin\config.bin)
19:49:37 Updating base class RscShortcutButton->RscButtonMenu, by a3\ui_f\config.bin/RscDisplayCapture/controls/ButtonSavePreviousData/ (original bin\config.bin)
19:49:37 Updating base class RscShortcutButton->RscButtonMenu, by a3\ui_f\config.bin/RscDisplayCapture/controls/ButtonPreviousData/ (original bin\config.bin)
19:49:37 Updating base class RscPicture->RscPictureKeepAspect, by a3\ui_f\config.bin/RscDisplayMain/IconPicture/ (original bin\config.bin)
19:49:37 Updating base class IconPicture->RscPictureKeepAspect, by a3\ui_f\config.bin/RscDisplayMain/DlcOwnedIconPicture/ (original a3\ui_f\config.bin)
19:49:37 Updating base class IconPicture->RscPictureKeepAspect, by a3\ui_f\config.bin/RscDisplayMain/DlcIconPicture/ (original a3\ui_f\config.bin)
19:49:37 Updating base class RscControlsGroup->RscControlsGroupNoScrollbars, by a3\ui_f\config.bin/RscDisplayCampaignLoad/controls/OverviewGroup/ (original bin\config.bin)
19:49:37 Updating base class RscButton->RscButtonSearch, by a3\ui_f\config.bin/RscDisplayCampaignLoad/controls/SearchButton/ (original bin\config.bin)
19:49:37 Updating base class RscShortcutButton->RscButtonMenuCancel, by a3\ui_f\config.bin/RscDisplayCampaignLoad/controls/ButtonCancel/ (original bin\config.bin)
19:49:37 Updating base class RscShortcutButton->RscButtonMenu, by a3\ui_f\config.bin/RscDisplayCampaignLoad/controls/ButtonGameOptions/ (original bin\config.bin)
19:49:37 Updating base class RscShortcutButton->RscButtonMenuSteam, by a3\ui_f\config.bin/RscDisplayCampaignLoad/controls/ButtonBuyDLC/ (original bin\config.bin)
19:49:37 Updating base class RscShortcutButton->RscButtonMenu, by a3\ui_f\config.bin/RscDisplayCampaignLoad/controls/ButtonRevert/ (original bin\config.bin)
19:49:37 Updating base class RscShortcutButton->RscButtonMenuOK, by a3\ui_f\config.bin/RscDisplayCampaignLoad/controls/ButtonOK/ (original bin\config.bin)
19:49:37 Updating base class RscListBox->RscCombo, by a3\ui_f\config.bin/RscDisplayCustomizeController/Steepness/ (original bin\config.bin)
19:49:37 Updating base class ->RscStandardDisplay, by a3\ui_f\config.bin/RscDisplayControlSchemes/ (original bin\config.bin)
19:49:37 Updating base class ButtonOK->RscButtonMenuCancel, by a3\ui_f\config.bin/RscDisplayControlSchemes/controls/ButtonCancel/ (original bin\config.bin)
19:49:37 Updating base class RscButton->RscButtonMenuOK, by a3\ui_f\config.bin/RscDisplayControlSchemes/controls/ButtonOK/ (original bin\config.bin)
19:49:37 Updating base class RscPicture->RscPictureKeepAspect, by a3\ui_f\config.bin/RscDisplayFileSelectImage/controls/OverviewPicture/ (original bin\config.bin)
19:49:37 Updating base class RscShortcutButton->RscButtonMenuCancel, by a3\ui_f\config.bin/RscDisplayFieldManual/Controls/ButtonCancel/ (original bin\config.bin)
19:49:37 Cannot delete class B_KickOff, it is referenced somewhere (used as a base class probably).
19:49:37 Updating base class RscButton->RscButtonMenuCancel, by a3\ui_f\config.bin/RscDisplayPublishMission/controls/ButtonCancel/ (original bin\config.bin)
19:49:37 Updating base class RscShortcutButton->RscButtonMenuOK, by a3\ui_f\config.bin/RscDisplayPublishMissionSelectTags/controls/ButtonOK/ (original bin\config.bin)
19:49:37 Updating base class ButtonOK->RscButtonMenuCancel, by a3\ui_f\config.bin/RscDisplayPublishMissionSelectTags/controls/ButtonCancel/ (original bin\config.bin)
19:49:37 Updating base class ->RscSubmenu, by a3\ui_f\config.bin/RscMainMenu/ (original bin\config.bin)
19:49:37 Updating base class None->ActiveSensorsOn, by a3\ui_f\config.bin/CfgActions/ActiveSensorsOff/ (original bin\config.bin)
19:49:37 Updating base class None->ListRightVehicleDisplay, by a3\ui_f\config.bin/CfgActions/ListLeftVehicleDisplay/ (original bin\config.bin)
19:49:37 Updating base class None->ListPrevRightVehicleDisplay, by a3\ui_f\config.bin/CfgActions/ListPrevLeftVehicleDisplay/ (original bin\config.bin)
19:49:37 Updating base class None->CloseRightVehicleDisplay, by a3\ui_f\config.bin/CfgActions/CloseLeftVehicleDisplay/ (original bin\config.bin)
19:49:37 Updating base class None->NextModeRightVehicleDisplay, by a3\ui_f\config.bin/CfgActions/NextModeLeftVehicleDisplay/ (original bin\config.bin)
19:49:37 Updating base class ->DistanceClose, by a3\ui_f\config.bin/CfgSimpleTasks/Icon3D/DistanceMid/ (original bin\config.bin)
19:49:37 Updating base class ->DistanceClose, by a3\ui_f\config.bin/CfgSimpleTasks/Icon3D/DistanceLong/ (original bin\config.bin)
19:49:38 Updating base class ->ctrlDefaultText, by a3\3den\config.bin/ctrlStatic/ (original a3\3den\config.bin)
19:49:38 Updating base class ->ctrlActiveText, by a3\3den\config.bin/ctrlActivePicture/ (original a3\3den\config.bin)
19:49:38 Updating base class ->ctrlDefaultText, by a3\3den\config.bin/ctrlStructuredText/ (original a3\3den\config.bin)
19:49:38 Updating base class ->ctrlControlsGroup, by a3\3den\config.bin/ctrlControlsGroupNoScrollbars/ (original a3\3den\config.bin)
19:49:38 Updating base class ->ctrlDefault, by a3\3den\config.bin/ctrlCheckbox/ (original a3\3den\config.bin)
19:49:38 Updating base class ->ctrlCheckbox, by a3\3den\config.bin/ctrlCheckboxBaseline/ (original a3\3den\config.bin)
19:49:38 Updating base class RscText->ctrlStaticBackgroundDisable, by a3\3den\config.bin/RscDisplayOptionsAudio/ControlsBackground/BackgroundDisable/ (original a3\3den\config.bin)
19:49:38 Updating base class RscText->ctrlStaticBackgroundDisableTiles, by a3\3den\config.bin/RscDisplayOptionsAudio/ControlsBackground/BackgroundDisableTiles/ (original a3\3den\config.bin)
19:49:38 Updating base class RscText->ctrlStaticBackgroundDisable, by a3\3den\config.bin/RscDisplayConfigure/ControlsBackground/BackgroundDisable/ (original a3\3den\config.bin)
19:49:38 Updating base class RscText->ctrlStaticBackgroundDisableTiles, by a3\3den\config.bin/RscDisplayConfigure/ControlsBackground/BackgroundDisableTiles/ (original a3\3den\config.bin)
19:49:38 Updating base class RscText->ctrlStaticBackgroundDisable, by a3\3den\config.bin/RscDisplayConfigureAction/ControlsBackground/BackgroundDisable/ (original a3\3den\config.bin)
19:49:38 Updating base class RscText->ctrlStaticBackgroundDisableTiles, by a3\3den\config.bin/RscDisplayConfigureAction/ControlsBackground/BackgroundDisableTiles/ (original a3\3den\config.bin)
19:49:38 Updating base class RscText->ctrlStaticBackgroundDisable, by a3\3den\config.bin/RscDisplayConfigureControllers/ControlsBackground/BackgroundDisable/ (original a3\3den\config.bin)
19:49:38 Updating base class RscText->ctrlStaticBackgroundDisableTiles, by a3\3den\config.bin/RscDisplayConfigureControllers/ControlsBackground/BackgroundDisableTiles/ (original a3\3den\config.bin)
19:49:38 Updating base class RscText->ctrlStaticBackgroundDisable, by a3\3den\config.bin/RscDisplayGameOptions/ControlsBackground/BackgroundDisable/ (original a3\3den\config.bin)
19:49:38 Updating base class RscText->ctrlStaticBackgroundDisableTiles, by a3\3den\config.bin/RscDisplayGameOptions/ControlsBackground/BackgroundDisableTiles/ (original a3\3den\config.bin)
19:49:38 Updating base class controls->, by a3\3den\config.bin/RscDisplayArcadeMap_Layout_2/Controls/ (original a3\ui_f\config.bin)
19:49:38 Updating base class controls->, by a3\3den\config.bin/RscDisplayArcadeMap_Layout_6/Controls/ (original a3\ui_f\config.bin)
19:49:38 Updating base class ->ctrlControlsGroupNoScrollbars, by a3\3den\config.bin/Cfg3DEN/Attributes/Default/ (original a3\3den\config.bin)
19:49:38 Updating base class ->ctrlStatic, by a3\3den\config.bin/Cfg3DEN/Attributes/Title/Controls/Title/ (original a3\3den\config.bin)
19:49:38 Updating base class ->Controls, by a3\3den\config.bin/Cfg3DEN/Attributes/Toolbox/Controls/ (original a3\modules_f\config.bin)
19:49:38 Updating base class ->Title, by a3\3den\config.bin/Cfg3DEN/Attributes/Toolbox/Controls/Title/ (original a3\3den\config.bin)
19:49:38 Updating base class ->ctrlToolbox, by a3\3den\config.bin/Cfg3DEN/Attributes/Toolbox/Controls/Value/ (original a3\3den\config.bin)
19:49:38 Updating base class I_1stRegiment->BaseGuer, by a3\missions_f_orange\config.bin/CfgORBAT/BIS/I_3rdRegiment/ (original a3\missions_f_epa\config.bin)
19:49:38 Updating base class CounterMeasureFlare->, by a3\weapons_f_orange\config.bin/FlareShell/ (original a3\weapons_f_orange\config.bin)
19:49:38 Updating base class Controls->, by a3\modules_f_tacops\config.bin/Cfg3DEN/Attributes/Toolbox/Controls/ (original a3\3den\config.bin)
19:49:38 Updating base class Controls->, by a3\modules_f_tacops\config.bin/Cfg3DEN/Attributes/Combo/Controls/ (original a3\3den\config.bin)
19:49:38 Updating base class Controls->, by a3\modules_f_tacops\config.bin/Cfg3DEN/Attributes/Slider/Controls/ (original a3\3den\config.bin)
19:49:41 Initializing Steam Manager
19:49:41 Starting initial content check.
19:49:41 Steam Manager initialized.
19:49:41 
19:49:41 ==== Loaded addons ====
19:49:41 
19:49:41 dta\bin.pbo - 145285
19:49:41 dta\core.pbo - 129618
19:49:41 dta\languagecore_f.pbo - 136608
19:49:41 C:\Program Files (x86)\Steam\steamapps\common\Arna 3 Servers\Arma 3 Server\@infiSTAR_A3\addons\a3_infistar.pbo - unknown
19:49:41 C:\Program Files (x86)\Steam\steamapps\common\Arna 3 Servers\Arma 3 Server\@life_server\addons\life_server.pbo - unknown
19:49:41 C:\Program Files (x86)\Steam\steamapps\common\Arna 3 Servers\Arma 3 Server\@extDB3\addons\extdb3.pbo - unknown
19:49:41 C:\Program Files (x86)\Steam\steamapps\common\Arna 3 Servers\Arma 3 Server\tank\addons\armor_f_tank.ebo - 135661
19:49:41 C:\Program Files (x86)\Steam\steamapps\common\Arna 3 Servers\Arma 3 Server\tank\addons\cargoposes_f_tank.ebo - 128283
19:49:41 C:\Program Files (x86)\Steam\steamapps\common\Arna 3 Servers\Arma 3 Server\tank\addons\characters_f_tank.ebo - 133719
19:49:41 C:\Program Files (x86)\Steam\steamapps\common\Arna 3 Servers\Arma 3 Server\tank\addons\data_f_tank.ebo - 128203
19:49:41 C:\Program Files (x86)\Steam\steamapps\common\Arna 3 Servers\Arma 3 Server\tank\addons\dubbing_f_tank.ebo - 127958
19:49:41 C:\Program Files (x86)\Steam\steamapps\common\Arna 3 Servers\Arma 3 Server\tank\addons\editorpreviews_f_tank.ebo - 131632
19:49:41 C:\Program Files (x86)\Steam\steamapps\common\Arna 3 Servers\Arma 3 Server\tank\addons\functions_f_tank.ebo - 125996
19:49:41 C:\Program Files (x86)\Steam\steamapps\common\Arna 3 Servers\Arma 3 Server\tank\addons\languagemissions_f_tank.ebo - 136954
19:49:41 C:\Program Files (x86)\Steam\steamapps\common\Arna 3 Servers\Arma 3 Server\tank\addons\language_f_tank.ebo - 136608
19:49:41 C:\Program Files (x86)\Steam\steamapps\common\Arna 3 Servers\Arma 3 Server\tank\addons\missions_f_tank.ebo - 130984
19:49:41 C:\Program Files (x86)\Steam\steamapps\common\Arna 3 Servers\Arma 3 Server\tank\addons\missions_f_tank_data.ebo - 128937
19:49:41 C:\Program Files (x86)\Steam\steamapps\common\Arna 3 Servers\Arma 3 Server\tank\addons\modules_f_tank.ebo - 129574
19:49:41 C:\Program Files (x86)\Steam\steamapps\common\Arna 3 Servers\Arma 3 Server\tank\addons\music_f_tank.ebo - 127912
19:49:41 C:\Program Files (x86)\Steam\steamapps\common\Arna 3 Servers\Arma 3 Server\tank\addons\props_f_tank.ebo - 131702
19:49:41 C:\Program Files (x86)\Steam\steamapps\common\Arna 3 Servers\Arma 3 Server\tank\addons\sounds_f_tank.ebo - 136239
19:49:41 C:\Program Files (x86)\Steam\steamapps\common\Arna 3 Servers\Arma 3 Server\tank\addons\structures_f_tank.ebo - 131803
19:49:41 C:\Program Files (x86)\Steam\steamapps\common\Arna 3 Servers\Arma 3 Server\tank\addons\ui_f_tank.ebo - 132532
19:49:41 C:\Program Files (x86)\Steam\steamapps\common\Arna 3 Servers\Arma 3 Server\tank\addons\weapons_f_tank.pbo - 135808
19:49:41 C:\Program Files (x86)\Steam\steamapps\common\Arna 3 Servers\Arma 3 Server\tacops\addons\characters_f_tacops.ebo - 129739
19:49:41 C:\Program Files (x86)\Steam\steamapps\common\Arna 3 Servers\Arma 3 Server\tacops\addons\data_f_tacops.ebo - 126731
19:49:41 C:\Program Files (x86)\Steam\steamapps\common\Arna 3 Servers\Arma 3 Server\tacops\addons\dubbing_f_tacops.ebo - 129340
19:49:41 C:\Program Files (x86)\Steam\steamapps\common\Arna 3 Servers\Arma 3 Server\tacops\addons\functions_f_tacops.ebo - 124382
19:49:41 C:\Program Files (x86)\Steam\steamapps\common\Arna 3 Servers\Arma 3 Server\tacops\addons\languagemissions_f_tacops.ebo - 136607
19:49:41 C:\Program Files (x86)\Steam\steamapps\common\Arna 3 Servers\Arma 3 Server\tacops\addons\language_f_tacops.ebo - 136608
19:49:41 C:\Program Files (x86)\Steam\steamapps\common\Arna 3 Servers\Arma 3 Server\tacops\addons\missions_f_tacops.ebo - 131995
19:49:41 C:\Program Files (x86)\Steam\steamapps\common\Arna 3 Servers\Arma 3 Server\tacops\addons\modules_f_tacops.ebo - 134940
19:49:41 C:\Program Files (x86)\Steam\steamapps\common\Arna 3 Servers\Arma 3 Server\tacops\addons\music_f_tacops.ebo - 124064
19:49:41 C:\Program Files (x86)\Steam\steamapps\common\Arna 3 Servers\Arma 3 Server\tacops\addons\sounds_f_tacops.ebo - 123795
19:49:41 C:\Program Files (x86)\Steam\steamapps\common\Arna 3 Servers\Arma 3 Server\tacops\addons\ui_f_tacops.ebo - 124116
19:49:41 C:\Program Files (x86)\Steam\steamapps\common\Arna 3 Servers\Arma 3 Server\orange\addons\air_f_orange.pbo - 132035
19:49:41 C:\Program Files (x86)\Steam\steamapps\common\Arna 3 Servers\Arma 3 Server\orange\addons\cargoposes_f_orange.pbo - 126225
19:49:41 C:\Program Files (x86)\Steam\steamapps\common\Arna 3 Servers\Arma 3 Server\orange\addons\characters_f_orange.pbo - 133719
19:49:41 C:\Program Files (x86)\Steam\steamapps\common\Arna 3 Servers\Arma 3 Server\orange\addons\data_f_orange.pbo - 121095
19:49:41 C:\Program Files (x86)\Steam\steamapps\common\Arna 3 Servers\Arma 3 Server\orange\addons\dubbing_f_orange.pbo - 121689
19:49:41 C:\Program Files (x86)\Steam\steamapps\common\Arna 3 Servers\Arma 3 Server\orange\addons\editorpreviews_f_orange.pbo - 123173
19:49:41 C:\Program Files (x86)\Steam\steamapps\common\Arna 3 Servers\Arma 3 Server\orange\addons\functions_f_orange.pbo - 128287
19:49:41 C:\Program Files (x86)\Steam\steamapps\common\Arna 3 Servers\Arma 3 Server\orange\addons\languagemissions_f_orange.pbo - 136608
19:49:41 C:\Program Files (x86)\Steam\steamapps\common\Arna 3 Servers\Arma 3 Server\orange\addons\language_f_orange.pbo - 136608
19:49:41 C:\Program Files (x86)\Steam\steamapps\common\Arna 3 Servers\Arma 3 Server\orange\addons\missions_f_orange.pbo - 126711
19:49:41 C:\Program Files (x86)\Steam\steamapps\common\Arna 3 Servers\Arma 3 Server\orange\addons\modules_f_orange.pbo - 119459
19:49:41 C:\Program Files (x86)\Steam\steamapps\common\Arna 3 Servers\Arma 3 Server\orange\addons\music_f_orange.pbo - 120725
19:49:41 C:\Program Files (x86)\Steam\steamapps\common\Arna 3 Servers\Arma 3 Server\orange\addons\props_f_orange.pbo - 129371
19:49:41 C:\Program Files (x86)\Steam\steamapps\common\Arna 3 Servers\Arma 3 Server\orange\addons\soft_f_orange.pbo - 132239
19:49:41 C:\Program Files (x86)\Steam\steamapps\common\Arna 3 Servers\Arma 3 Server\orange\addons\sounds_f_orange.pbo - 135584
19:49:41 C:\Program Files (x86)\Steam\steamapps\common\Arna 3 Servers\Arma 3 Server\orange\addons\structures_f_orange.pbo - 132196
19:49:41 C:\Program Files (x86)\Steam\steamapps\common\Arna 3 Servers\Arma 3 Server\orange\addons\supplies_f_orange.pbo - 129371
19:49:41 C:\Program Files (x86)\Steam\steamapps\common\Arna 3 Servers\Arma 3 Server\orange\addons\ui_f_orange.pbo - 123398
19:49:41 C:\Program Files (x86)\Steam\steamapps\common\Arna 3 Servers\Arma 3 Server\orange\addons\weapons_f_orange.pbo - 132847
19:49:41 C:\Program Files (x86)\Steam\steamapps\common\Arna 3 Servers\Arma 3 Server\mark\addons\anims_f_mark.pbo - 119457
19:49:41 C:\Program Files (x86)\Steam\steamapps\common\Arna 3 Servers\Arma 3 Server\mark\addons\characters_f_mark.pbo - 129739
19:49:41 C:\Program Files (x86)\Steam\steamapps\common\Arna 3 Servers\Arma 3 Server\mark\addons\data_f_mark.pbo - 129371
19:49:41 C:\Program Files (x86)\Steam\steamapps\common\Arna 3 Servers\Arma 3 Server\mark\addons\dubbing_f_mark.pbo - 119457
19:49:41 C:\Program Files (x86)\Steam\steamapps\common\Arna 3 Servers\Arma 3 Server\mark\addons\dubbing_f_mp_mark.pbo - 119457
19:49:41 C:\Program Files (x86)\Steam\steamapps\common\Arna 3 Servers\Arma 3 Server\mark\addons\functions_f_mark.pbo - 129645
19:49:41 C:\Program Files (x86)\Steam\steamapps\common\Arna 3 Servers\Arma 3 Server\mark\addons\functions_f_mp_mark.pbo - 129434
19:49:41 C:\Program Files (x86)\Steam\steamapps\common\Arna 3 Servers\Arma 3 Server\mark\addons\languagemissions_f_mark.pbo - 136608
19:49:41 C:\Program Files (x86)\Steam\steamapps\common\Arna 3 Servers\Arma 3 Server\mark\addons\languagemissions_f_mp_mark.pbo - 136608
19:49:41 C:\Program Files (x86)\Steam\steamapps\common\Arna 3 Servers\Arma 3 Server\mark\addons\language_f_mark.pbo - 136634
19:49:41 C:\Program Files (x86)\Steam\steamapps\common\Arna 3 Servers\Arma 3 Server\mark\addons\language_f_mp_mark.pbo - 136608
19:49:41 C:\Program Files (x86)\Steam\steamapps\common\Arna 3 Servers\Arma 3 Server\mark\addons\missions_f_mark.pbo - 122301
19:49:41 C:\Program Files (x86)\Steam\steamapps\common\Arna 3 Servers\Arma 3 Server\mark\addons\missions_f_mark_data.pbo - 119459
19:49:41 C:\Program Files (x86)\Steam\steamapps\common\Arna 3 Servers\Arma 3 Server\mark\addons\missions_f_mark_video.pbo - 119459
19:49:41 C:\Program Files (x86)\Steam\steamapps\common\Arna 3 Servers\Arma 3 Server\mark\addons\missions_f_mp_mark.pbo - 119459
19:49:41 C:\Program Files (x86)\Steam\steamapps\common\Arna 3 Servers\Arma 3 Server\mark\addons\missions_f_mp_mark_data.pbo - 119459
19:49:41 C:\Program Files (x86)\Steam\steamapps\common\Arna 3 Servers\Arma 3 Server\mark\addons\modules_f_mark.pbo - 119459
19:49:41 C:\Program Files (x86)\Steam\steamapps\common\Arna 3 Servers\Arma 3 Server\mark\addons\modules_f_mp_mark.pbo - 119459
19:49:41 C:\Program Files (x86)\Steam\steamapps\common\Arna 3 Servers\Arma 3 Server\mark\addons\music_f_mark.pbo - 119477
19:49:41 C:\Program Files (x86)\Steam\steamapps\common\Arna 3 Servers\Arma 3 Server\mark\addons\music_f_mark_music.pbo - 119477
19:49:41 C:\Program Files (x86)\Steam\steamapps\common\Arna 3 Servers\Arma 3 Server\mark\addons\sounds_f_mark.pbo - 119478
19:49:41 C:\Program Files (x86)\Steam\steamapps\common\Arna 3 Servers\Arma 3 Server\mark\addons\static_f_mark.pbo - 130728
19:49:41 C:\Program Files (x86)\Steam\steamapps\common\Arna 3 Servers\Arma 3 Server\mark\addons\structures_f_mark.pbo - 123419
19:49:41 C:\Program Files (x86)\Steam\steamapps\common\Arna 3 Servers\Arma 3 Server\mark\addons\supplies_f_mark.pbo - 129371
19:49:41 C:\Program Files (x86)\Steam\steamapps\common\Arna 3 Servers\Arma 3 Server\mark\addons\ui_f_mark.pbo - 119478
19:49:41 C:\Program Files (x86)\Steam\steamapps\common\Arna 3 Servers\Arma 3 Server\mark\addons\ui_f_mp_mark.pbo - 119478
19:49:41 C:\Program Files (x86)\Steam\steamapps\common\Arna 3 Servers\Arma 3 Server\mark\addons\weapons_f_mark.pbo - 131460
19:49:41 C:\Program Files (x86)\Steam\steamapps\common\Arna 3 Servers\Arma 3 Server\kart\addons\anims_f_kart.pbo - 123210
19:49:41 C:\Program Files (x86)\Steam\steamapps\common\Arna 3 Servers\Arma 3 Server\kart\addons\characters_f_kart.pbo - 133719
19:49:41 C:\Program Files (x86)\Steam\steamapps\common\Arna 3 Servers\Arma 3 Server\kart\addons\data_f_kart.pbo - 119457
19:49:41 C:\Program Files (x86)\Steam\steamapps\common\Arna 3 Servers\Arma 3 Server\kart\addons\languagemissions_f_kart.pbo - 136607
19:49:41 C:\Program Files (x86)\Steam\steamapps\common\Arna 3 Servers\Arma 3 Server\kart\addons\language_f_kart.pbo - 136608
19:49:41 C:\Program Files (x86)\Steam\steamapps\common\Arna 3 Servers\Arma 3 Server\kart\addons\missions_f_kart.pbo - 119459
19:49:41 C:\Program Files (x86)\Steam\steamapps\common\Arna 3 Servers\Arma 3 Server\kart\addons\missions_f_kart_data.pbo - 119459
19:49:41 C:\Program Files (x86)\Steam\steamapps\common\Arna 3 Servers\Arma 3 Server\kart\addons\modules_f_kart.pbo - 128288
19:49:41 C:\Program Files (x86)\Steam\steamapps\common\Arna 3 Servers\Arma 3 Server\kart\addons\modules_f_kart_data.pbo - 124178
19:49:41 C:\Program Files (x86)\Steam\steamapps\common\Arna 3 Servers\Arma 3 Server\kart\addons\soft_f_kart.pbo - 132531
19:49:41 C:\Program Files (x86)\Steam\steamapps\common\Arna 3 Servers\Arma 3 Server\kart\addons\sounds_f_kart.pbo - 125381
19:49:41 C:\Program Files (x86)\Steam\steamapps\common\Arna 3 Servers\Arma 3 Server\kart\addons\structures_f_kart.pbo - 123419
19:49:41 C:\Program Files (x86)\Steam\steamapps\common\Arna 3 Servers\Arma 3 Server\kart\addons\ui_f_kart.pbo - 119478
19:49:41 C:\Program Files (x86)\Steam\steamapps\common\Arna 3 Servers\Arma 3 Server\kart\addons\weapons_f_kart.pbo - 120217
19:49:41 C:\Program Files (x86)\Steam\steamapps\common\Arna 3 Servers\Arma 3 Server\jets\addons\air_f_jets.pbo - 132072
19:49:41 C:\Program Files (x86)\Steam\steamapps\common\Arna 3 Servers\Arma 3 Server\jets\addons\anims_f_jets.pbo - 123210
19:49:41 C:\Program Files (x86)\Steam\steamapps\common\Arna 3 Servers\Arma 3 Server\jets\addons\boat_f_destroyer.pbo - 132140
19:49:41 C:\Program Files (x86)\Steam\steamapps\common\Arna 3 Servers\Arma 3 Server\jets\addons\boat_f_jets.pbo - 129607
19:49:41 C:\Program Files (x86)\Steam\steamapps\common\Arna 3 Servers\Arma 3 Server\jets\addons\cargoposes_f_jets.pbo - 126225
19:49:41 C:\Program Files (x86)\Steam\steamapps\common\Arna 3 Servers\Arma 3 Server\jets\addons\characters_f_jets.pbo - 129739
19:49:41 C:\Program Files (x86)\Steam\steamapps\common\Arna 3 Servers\Arma 3 Server\jets\addons\data_f_destroyer.pbo - 132156
19:49:41 C:\Program Files (x86)\Steam\steamapps\common\Arna 3 Servers\Arma 3 Server\jets\addons\data_f_jets.pbo - 119457
19:49:41 C:\Program Files (x86)\Steam\steamapps\common\Arna 3 Servers\Arma 3 Server\jets\addons\data_f_sams.pbo - 132140
19:49:41 C:\Program Files (x86)\Steam\steamapps\common\Arna 3 Servers\Arma 3 Server\jets\addons\dubbing_f_jets.pbo - 119457
19:49:41 C:\Program Files (x86)\Steam\steamapps\common\Arna 3 Servers\Arma 3 Server\jets\addons\editorpreviews_f_destroyer.pbo - 132141
19:49:41 C:\Program Files (x86)\Steam\steamapps\common\Arna 3 Servers\Arma 3 Server\jets\addons\editorpreviews_f_jets.pbo - 119457
19:49:41 C:\Program Files (x86)\Steam\steamapps\common\Arna 3 Servers\Arma 3 Server\jets\addons\editorpreviews_f_sams.pbo - 132141
19:49:41 C:\Program Files (x86)\Steam\steamapps\common\Arna 3 Servers\Arma 3 Server\jets\addons\functions_f_destroyer.pbo - 132353
19:49:41 C:\Program Files (x86)\Steam\steamapps\common\Arna 3 Servers\Arma 3 Server\jets\addons\functions_f_jets.pbo - 119457
19:49:41 C:\Program Files (x86)\Steam\steamapps\common\Arna 3 Servers\Arma 3 Server\jets\addons\languagemissions_f_jets.pbo - 136608
19:49:41 C:\Program Files (x86)\Steam\steamapps\common\Arna 3 Servers\Arma 3 Server\jets\addons\language_f_destroyer.pbo - 136607
19:49:41 C:\Program Files (x86)\Steam\steamapps\common\Arna 3 Servers\Arma 3 Server\jets\addons\language_f_jets.pbo - 136608
19:49:41 C:\Program Files (x86)\Steam\steamapps\common\Arna 3 Servers\Arma 3 Server\jets\addons\language_f_sams.pbo - 136608
19:49:41 C:\Program Files (x86)\Steam\steamapps\common\Arna 3 Servers\Arma 3 Server\jets\addons\missions_f_jets.pbo - 130755
19:49:41 C:\Program Files (x86)\Steam\steamapps\common\Arna 3 Servers\Arma 3 Server\jets\addons\modules_f_jets.pbo - 119459
19:49:41 C:\Program Files (x86)\Steam\steamapps\common\Arna 3 Servers\Arma 3 Server\jets\addons\music_f_jets.pbo - 119459
19:49:41 C:\Program Files (x86)\Steam\steamapps\common\Arna 3 Servers\Arma 3 Server\jets\addons\props_f_destroyer.pbo - 132141
19:49:41 C:\Program Files (x86)\Steam\steamapps\common\Arna 3 Servers\Arma 3 Server\jets\addons\props_f_jets.pbo - 129371
19:49:41 C:\Program Files (x86)\Steam\steamapps\common\Arna 3 Servers\Arma 3 Server\jets\addons\sounds_f_jets.pbo - 119477
19:49:41 C:\Program Files (x86)\Steam\steamapps\common\Arna 3 Servers\Arma 3 Server\jets\addons\static_f_destroyer.pbo - 136117
19:49:41 C:\Program Files (x86)\Steam\steamapps\common\Arna 3 Servers\Arma 3 Server\jets\addons\static_f_jets.pbo - 131969
19:49:41 C:\Program Files (x86)\Steam\steamapps\common\Arna 3 Servers\Arma 3 Server\jets\addons\static_f_sams.pbo - 133561
19:49:41 C:\Program Files (x86)\Steam\steamapps\common\Arna 3 Servers\Arma 3 Server\jets\addons\ui_f_jets.pbo - 126137
19:49:41 C:\Program Files (x86)\Steam\steamapps\common\Arna 3 Servers\Arma 3 Server\jets\addons\weapons_f_destroyer.pbo - 132268
19:49:41 C:\Program Files (x86)\Steam\steamapps\common\Arna 3 Servers\Arma 3 Server\jets\addons\weapons_f_jets.pbo - 131383
19:49:41 C:\Program Files (x86)\Steam\steamapps\common\Arna 3 Servers\Arma 3 Server\jets\addons\weapons_f_sams.pbo - 132352
19:49:41 C:\Program Files (x86)\Steam\steamapps\common\Arna 3 Servers\Arma 3 Server\heli\addons\air_f_heli.pbo - 134954
19:49:41 C:\Program Files (x86)\Steam\steamapps\common\Arna 3 Servers\Arma 3 Server\heli\addons\anims_f_heli.pbo - 123210
19:49:41 C:\Program Files (x86)\Steam\steamapps\common\Arna 3 Servers\Arma 3 Server\heli\addons\boat_f_heli.pbo - 119457
19:49:41 C:\Program Files (x86)\Steam\steamapps\common\Arna 3 Servers\Arma 3 Server\heli\addons\cargoposes_f_heli.pbo - 126231
19:49:41 C:\Program Files (x86)\Steam\steamapps\common\Arna 3 Servers\Arma 3 Server\heli\addons\data_f_heli.pbo - 119457
19:49:41 C:\Program Files (x86)\Steam\steamapps\common\Arna 3 Servers\Arma 3 Server\heli\addons\dubbing_f_heli.pbo - 119457
19:49:41 C:\Program Files (x86)\Steam\steamapps\common\Arna 3 Servers\Arma 3 Server\heli\addons\functions_f_heli.pbo - 123022
19:49:41 C:\Program Files (x86)\Steam\steamapps\common\Arna 3 Servers\Arma 3 Server\heli\addons\languagemissions_f_heli.pbo - 136608
19:49:41 C:\Program Files (x86)\Steam\steamapps\common\Arna 3 Servers\Arma 3 Server\heli\addons\language_f_heli.pbo - 136608
19:49:41 C:\Program Files (x86)\Steam\steamapps\common\Arna 3 Servers\Arma 3 Server\heli\addons\missions_f_heli.pbo - 129397
19:49:41 C:\Program Files (x86)\Steam\steamapps\common\Arna 3 Servers\Arma 3 Server\heli\addons\missions_f_heli_data.pbo - 119459
19:49:41 C:\Program Files (x86)\Steam\steamapps\common\Arna 3 Servers\Arma 3 Server\heli\addons\missions_f_heli_video.pbo - 119459
19:49:41 C:\Program Files (x86)\Steam\steamapps\common\Arna 3 Servers\Arma 3 Server\heli\addons\modules_f_heli.pbo - 119459
19:49:41 C:\Program Files (x86)\Steam\steamapps\common\Arna 3 Servers\Arma 3 Server\heli\addons\music_f_heli.pbo - 119477
19:49:41 C:\Program Files (x86)\Steam\steamapps\common\Arna 3 Servers\Arma 3 Server\heli\addons\music_f_heli_music.pbo - 119477
19:49:41 C:\Program Files (x86)\Steam\steamapps\common\Arna 3 Servers\Arma 3 Server\heli\addons\soft_f_heli.pbo - 129742
19:49:41 C:\Program Files (x86)\Steam\steamapps\common\Arna 3 Servers\Arma 3 Server\heli\addons\sounds_f_heli.pbo - 119478
19:49:41 C:\Program Files (x86)\Steam\steamapps\common\Arna 3 Servers\Arma 3 Server\heli\addons\structures_f_heli.pbo - 134453
19:49:41 C:\Program Files (x86)\Steam\steamapps\common\Arna 3 Servers\Arma 3 Server\heli\addons\supplies_f_heli.pbo - 132806
19:49:41 C:\Program Files (x86)\Steam\steamapps\common\Arna 3 Servers\Arma 3 Server\heli\addons\ui_f_heli.pbo - 119478
19:49:41 C:\Program Files (x86)\Steam\steamapps\common\Arna 3 Servers\Arma 3 Server\curator\addons\data_f_curator.pbo - 134513
19:49:41 C:\Program Files (x86)\Steam\steamapps\common\Arna 3 Servers\Arma 3 Server\curator\addons\data_f_curator_music.pbo - 119457
19:49:41 C:\Program Files (x86)\Steam\steamapps\common\Arna 3 Servers\Arma 3 Server\curator\addons\functions_f_curator.pbo - 123333
19:49:41 C:\Program Files (x86)\Steam\steamapps\common\Arna 3 Servers\Arma 3 Server\curator\addons\language_f_curator.pbo - 136608
19:49:41 C:\Program Files (x86)\Steam\steamapps\common\Arna 3 Servers\Arma 3 Server\curator\addons\missions_f_curator.pbo - 121570
19:49:41 C:\Program Files (x86)\Steam\steamapps\common\Arna 3 Servers\Arma 3 Server\curator\addons\modules_f_curator.pbo - 128381
19:49:41 C:\Program Files (x86)\Steam\steamapps\common\Arna 3 Servers\Arma 3 Server\curator\addons\ui_f_curator.pbo - 130996
19:49:41 C:\Program Files (x86)\Steam\steamapps\common\Arna 3 Servers\Arma 3 Server\argo\addons\armor_f_argo.pbo - 129739
19:49:41 C:\Program Files (x86)\Steam\steamapps\common\Arna 3 Servers\Arma 3 Server\argo\addons\characters_f_patrol.pbo - 129998
19:49:41 C:\Program Files (x86)\Steam\steamapps\common\Arna 3 Servers\Arma 3 Server\argo\addons\data_f_argo.pbo - 128209
19:49:41 C:\Program Files (x86)\Steam\steamapps\common\Arna 3 Servers\Arma 3 Server\argo\addons\data_f_patrol.pbo - 121287
19:49:41 C:\Program Files (x86)\Steam\steamapps\common\Arna 3 Servers\Arma 3 Server\argo\addons\editorpreviews_f_argo.pbo - 121102
19:49:41 C:\Program Files (x86)\Steam\steamapps\common\Arna 3 Servers\Arma 3 Server\argo\addons\functions_f_patrol.pbo - 119457
19:49:41 C:\Program Files (x86)\Steam\steamapps\common\Arna 3 Servers\Arma 3 Server\argo\addons\languagemissions_f_patrol.pbo - 136608
19:49:41 C:\Program Files (x86)\Steam\steamapps\common\Arna 3 Servers\Arma 3 Server\argo\addons\language_f_argo.pbo - 136954
19:49:41 C:\Program Files (x86)\Steam\steamapps\common\Arna 3 Servers\Arma 3 Server\argo\addons\language_f_patrol.pbo - 136608
19:49:41 C:\Program Files (x86)\Steam\steamapps\common\Arna 3 Servers\Arma 3 Server\argo\addons\map_malden.pbo - 135888
19:49:41 C:\Program Files (x86)\Steam\steamapps\common\Arna 3 Servers\Arma 3 Server\argo\addons\map_malden_data.pbo - 135888
19:49:41 C:\Program Files (x86)\Steam\steamapps\common\Arna 3 Servers\Arma 3 Server\argo\addons\map_malden_data_layers.pbo - 135888
19:49:41 C:\Program Files (x86)\Steam\steamapps\common\Arna 3 Servers\Arma 3 Server\argo\addons\map_malden_scenes_f.pbo - 120026
19:49:41 C:\Program Files (x86)\Steam\steamapps\common\Arna 3 Servers\Arma 3 Server\argo\addons\missions_f_patrol.pbo - 126663
19:49:41 C:\Program Files (x86)\Steam\steamapps\common\Arna 3 Servers\Arma 3 Server\argo\addons\modules_f_patrol.pbo - 119459
19:49:41 C:\Program Files (x86)\Steam\steamapps\common\Arna 3 Servers\Arma 3 Server\argo\addons\music_f_argo.pbo - 119459
19:49:41 C:\Program Files (x86)\Steam\steamapps\common\Arna 3 Servers\Arma 3 Server\argo\addons\props_f_argo.pbo - 129371
19:49:41 C:\Program Files (x86)\Steam\steamapps\common\Arna 3 Servers\Arma 3 Server\argo\addons\rocks_f_argo.pbo - 123488
19:49:41 C:\Program Files (x86)\Steam\steamapps\common\Arna 3 Servers\Arma 3 Server\argo\addons\sounds_f_patrol.pbo - 119477
19:49:41 C:\Program Files (x86)\Steam\steamapps\common\Arna 3 Servers\Arma 3 Server\argo\addons\structures_f_argo.pbo - 128082
19:49:41 C:\Program Files (x86)\Steam\steamapps\common\Arna 3 Servers\Arma 3 Server\argo\addons\ui_f_patrol.pbo - 119478
19:49:41 C:\Program Files (x86)\Steam\steamapps\common\Arna 3 Servers\Arma 3 Server\argo\addons\vegetation_f_argo.pbo - 123488
19:49:41 C:\Program Files (x86)\Steam\steamapps\common\Arna 3 Servers\Arma 3 Server\argo\addons\weapons_f_patrol.pbo - 119478
19:49:41 C:\Program Files (x86)\Steam\steamapps\common\Arna 3 Servers\Arma 3 Server\expansion\addons\air_f_exp.pbo - 133748
19:49:41 C:\Program Files (x86)\Steam\steamapps\common\Arna 3 Servers\Arma 3 Server\expansion\addons\anims_f_exp.pbo - 126506
19:49:41 C:\Program Files (x86)\Steam\steamapps\common\Arna 3 Servers\Arma 3 Server\expansion\addons\armor_f_exp.pbo - 129739
19:49:41 C:\Program Files (x86)\Steam\steamapps\common\Arna 3 Servers\Arma 3 Server\expansion\addons\boat_f_exp.pbo - 129747
19:49:41 C:\Program Files (x86)\Steam\steamapps\common\Arna 3 Servers\Arma 3 Server\expansion\addons\cargoposes_f_exp.pbo - 126224
19:49:41 C:\Program Files (x86)\Steam\steamapps\common\Arna 3 Servers\Arma 3 Server\expansion\addons\characters_f_exp.pbo - 136616
19:49:41 C:\Program Files (x86)\Steam\steamapps\common\Arna 3 Servers\Arma 3 Server\expansion\addons\data_f_exp.pbo - 128203
19:49:41 C:\Program Files (x86)\Steam\steamapps\common\Arna 3 Servers\Arma 3 Server\expansion\addons\dubbing_f_exp.pbo - 119457
19:49:41 C:\Program Files (x86)\Steam\steamapps\common\Arna 3 Servers\Arma 3 Server\expansion\addons\dubbing_radio_f_exp.pbo - 119458
19:49:41 C:\Program Files (x86)\Steam\steamapps\common\Arna 3 Servers\Arma 3 Server\expansion\addons\dubbing_radio_f_exp_data_chi.pbo - 119458
19:49:41 C:\Program Files (x86)\Steam\steamapps\common\Arna 3 Servers\Arma 3 Server\expansion\addons\dubbing_radio_f_exp_data_engfre.pbo - 119457
19:49:41 C:\Program Files (x86)\Steam\steamapps\common\Arna 3 Servers\Arma 3 Server\expansion\addons\dubbing_radio_f_exp_data_fre.pbo - 119457
19:49:41 C:\Program Files (x86)\Steam\steamapps\common\Arna 3 Servers\Arma 3 Server\expansion\addons\editorpreviews_f_exp.pbo - 136616
19:49:41 C:\Program Files (x86)\Steam\steamapps\common\Arna 3 Servers\Arma 3 Server\expansion\addons\functions_f_exp.pbo - 132366
19:49:41 C:\Program Files (x86)\Steam\steamapps\common\Arna 3 Servers\Arma 3 Server\expansion\addons\languagemissions_f_exp.pbo - 136607
19:49:41 C:\Program Files (x86)\Steam\steamapps\common\Arna 3 Servers\Arma 3 Server\expansion\addons\language_f_exp.pbo - 136607
19:49:41 C:\Program Files (x86)\Steam\steamapps\common\Arna 3 Servers\Arma 3 Server\expansion\addons\map_data_exp.pbo - 136265
19:49:41 C:\Program Files (x86)\Steam\steamapps\common\Arna 3 Servers\Arma 3 Server\expansion\addons\map_tanoabuka.pbo - 136265
19:49:41 C:\Program Files (x86)\Steam\steamapps\common\Arna 3 Servers\Arma 3 Server\expansion\addons\map_tanoabuka_data.pbo - 135884
19:49:41 C:\Program Files (x86)\Steam\steamapps\common\Arna 3 Servers\Arma 3 Server\expansion\addons\map_tanoabuka_data_layers.pbo - 121192
19:49:41 C:\Program Files (x86)\Steam\steamapps\common\Arna 3 Servers\Arma 3 Server\expansion\addons\map_tanoabuka_data_layers_00_00.pbo - 121192
19:49:41 C:\Program Files (x86)\Steam\steamapps\common\Arna 3 Servers\Arma 3 Server\expansion\addons\map_tanoa_scenes_f.pbo - 123527
19:49:41 C:\Program Files (x86)\Steam\steamapps\common\Arna 3 Servers\Arma 3 Server\expansion\addons\missions_f_exp.pbo - 132366
19:49:41 C:\Program Files (x86)\Steam\steamapps\common\Arna 3 Servers\Arma 3 Server\expansion\addons\missions_f_exp_data.pbo - 119459
19:49:41 C:\Program Files (x86)\Steam\steamapps\common\Arna 3 Servers\Arma 3 Server\expansion\addons\missions_f_exp_video.pbo - 119459
19:49:41 C:\Program Files (x86)\Steam\steamapps\common\Arna 3 Servers\Arma 3 Server\expansion\addons\modules_f_exp.pbo - 119459
19:49:41 C:\Program Files (x86)\Steam\steamapps\common\Arna 3 Servers\Arma 3 Server\expansion\addons\music_f_exp.pbo - 119477
19:49:41 C:\Program Files (x86)\Steam\steamapps\common\Arna 3 Servers\Arma 3 Server\expansion\addons\music_f_exp_music.pbo - 119477
19:49:41 C:\Program Files (x86)\Steam\steamapps\common\Arna 3 Servers\Arma 3 Server\expansion\addons\props_f_exp.pbo - 135930
19:49:41 C:\Program Files (x86)\Steam\steamapps\common\Arna 3 Servers\Arma 3 Server\expansion\addons\rocks_f_exp.pbo - 129683
19:49:41 C:\Program Files (x86)\Steam\steamapps\common\Arna 3 Servers\Arma 3 Server\expansion\addons\soft_f_exp.pbo - 136527
19:49:41 C:\Program Files (x86)\Steam\steamapps\common\Arna 3 Servers\Arma 3 Server\expansion\addons\sounds_f_exp.pbo - 131659
19:49:41 C:\Program Files (x86)\Steam\steamapps\common\Arna 3 Servers\Arma 3 Server\expansion\addons\static_f_exp.pbo - 119478
19:49:41 C:\Program Files (x86)\Steam\steamapps\common\Arna 3 Servers\Arma 3 Server\expansion\addons\structures_f_exp.pbo - 133054
19:49:41 C:\Program Files (x86)\Steam\steamapps\common\Arna 3 Servers\Arma 3 Server\expansion\addons\structures_f_exp_civilian.pbo - 133663
19:49:41 C:\Program Files (x86)\Steam\steamapps\common\Arna 3 Servers\Arma 3 Server\expansion\addons\structures_f_exp_commercial.pbo - 136202
19:49:41 C:\Program Files (x86)\Steam\steamapps\common\Arna 3 Servers\Arma 3 Server\expansion\addons\structures_f_exp_cultural.pbo - 136265
19:49:41 C:\Program Files (x86)\Steam\steamapps\common\Arna 3 Servers\Arma 3 Server\expansion\addons\structures_f_exp_data.pbo - 133427
19:49:41 C:\Program Files (x86)\Steam\steamapps\common\Arna 3 Servers\Arma 3 Server\expansion\addons\structures_f_exp_industrial.pbo - 132886
19:49:41 C:\Program Files (x86)\Steam\steamapps\common\Arna 3 Servers\Arma 3 Server\expansion\addons\structures_f_exp_infrastructure.pbo - 134367
19:49:41 C:\Program Files (x86)\Steam\steamapps\common\Arna 3 Servers\Arma 3 Server\expansion\addons\supplies_f_exp.pbo - 129371
19:49:41 C:\Program Files (x86)\Steam\steamapps\common\Arna 3 Servers\Arma 3 Server\expansion\addons\ui_f_exp.pbo - 123398
19:49:41 C:\Program Files (x86)\Steam\steamapps\common\Arna 3 Servers\Arma 3 Server\expansion\addons\vegetation_f_exp.pbo - 135745
19:49:41 C:\Program Files (x86)\Steam\steamapps\common\Arna 3 Servers\Arma 3 Server\expansion\addons\weapons_f_exp.pbo - 136739
19:49:41 addons\3den.pbo - 136221
19:49:41 addons\3den_language.pbo - 136608
19:49:41 addons\a3.pbo - unknown
19:49:41 addons\air_f.pbo - 135631
19:49:41 addons\air_f_beta.pbo - 133761
19:49:41 addons\air_f_epb.pbo - 132034
19:49:41 addons\air_f_epc.pbo - 129848
19:49:41 addons\air_f_gamma.pbo - 130580
19:49:41 addons\animals_f.pbo - 135988
19:49:41 addons\animals_f_beta.pbo - 123208
19:49:41 addons\anims_f.pbo - 135988
19:49:41 addons\anims_f_bootcamp.pbo - 123209
19:49:41 addons\anims_f_data.pbo - 127133
19:49:41 addons\anims_f_epa.pbo - 134499
19:49:41 addons\anims_f_epc.pbo - 121358
19:49:41 addons\anims_f_exp_a.pbo - 123209
19:49:41 addons\anims_f_mod.pbo - 135280
19:49:41 addons\armor_f.pbo - 129739
19:49:41 addons\armor_f_beta.pbo - 135660
19:49:41 addons\armor_f_epb.pbo - 135660
19:49:41 addons\armor_f_epc.pbo - 135661
19:49:41 addons\armor_f_gamma.pbo - 135661
19:49:41 addons\baseconfig_f.pbo - 119457
19:49:41 addons\boat_f.pbo - 132036
19:49:41 addons\boat_f_beta.pbo - 132036
19:49:41 addons\boat_f_epc.pbo - 131911
19:49:41 addons\boat_f_gamma.pbo - 127529
19:49:41 addons\cargoposes_f.pbo - 128420
19:49:41 addons\characters_f.pbo - 136640
19:49:41 addons\characters_f_beta.pbo - 133719
19:49:41 addons\characters_f_bootcamp.pbo - 133719
19:49:41 addons\characters_f_epa.pbo - 133719
19:49:41 addons\characters_f_epb.pbo - 133719
19:49:41 addons\characters_f_epc.pbo - 133719
19:49:41 addons\characters_f_gamma.pbo - 133719
19:49:41 addons\data_f.pbo - 136108
19:49:41 addons\data_f_bootcamp.pbo - 129618
19:49:41 addons\data_f_exp_a.pbo - 119457
19:49:41 addons\data_f_exp_b.pbo - 119457
19:49:41 addons\data_f_mod.pbo - 131534
19:49:41 addons\data_f_warlords.pbo - 135843
19:49:41 addons\drones_f.pbo - 132036
19:49:41 addons\dubbing_f.pbo - 119457
19:49:41 addons\dubbing_f_beta.pbo - 119457
19:49:41 addons\dubbing_f_bootcamp.pbo - 119457
19:49:41 addons\dubbing_f_epa.pbo - 119457
19:49:41 addons\dubbing_f_epb.pbo - 119457
19:49:41 addons\dubbing_f_epc.pbo - 119457
19:49:41 addons\dubbing_f_gamma.pbo - 122449
19:49:41 addons\dubbing_f_warlords.pbo - 136700
19:49:41 addons\dubbing_radio_f.pbo - 119457
19:49:41 addons\dubbing_radio_f_data_eng.pbo - 119457
19:49:41 addons\dubbing_radio_f_data_engb.pbo - 119458
19:49:41 addons\dubbing_radio_f_data_gre.pbo - 119458
19:49:41 addons\dubbing_radio_f_data_per.pbo - 119458
19:49:41 addons\dubbing_radio_f_data_vr.pbo - 119458
19:49:41 addons\editorpreviews_f.pbo - 136616
19:49:41 addons\editor_f.pbo - 121103
19:49:41 addons\functions_f.pbo - 137107
19:49:41 addons\functions_f_bootcamp.pbo - 129770
19:49:41 addons\functions_f_epa.pbo - 119458
19:49:41 addons\functions_f_epc.pbo - 119458
19:49:41 addons\functions_f_exp_a.pbo - 122619
19:49:41 addons\functions_f_warlords.pbo - 137634
19:49:41 addons\languagemissions_f.pbo - 136607
19:49:41 addons\languagemissions_f_beta.pbo - 136607
19:49:41 addons\languagemissions_f_bootcamp.pbo - 136608
19:49:41 addons\languagemissions_f_epa.pbo - 136607
19:49:41 addons\languagemissions_f_epb.pbo - 136607
19:49:41 addons\languagemissions_f_epc.pbo - 136607
19:49:41 addons\languagemissions_f_exp_a.pbo - 136608
19:49:41 addons\languagemissions_f_gamma.pbo - 136608
19:49:41 addons\language_f.pbo - 136608
19:49:41 addons\language_f_beta.pbo - 136608
19:49:41 addons\language_f_bootcamp.pbo - 136608
19:49:41 addons\language_f_epa.pbo - 136607
19:49:41 addons\language_f_epb.pbo - 136608
19:49:41 addons\language_f_epc.pbo - 136607
19:49:41 addons\language_f_exp_a.pbo - 136607
19:49:41 addons\language_f_exp_b.pbo - 136607
19:49:41 addons\language_f_gamma.pbo - 136608
19:49:41 addons\language_f_mod.pbo - 136608
19:49:41 addons\language_f_warlords.pbo - 136955
19:49:41 addons\map_altis.pbo - 135915
19:49:41 addons\map_altis_data.pbo - 135904
19:49:41 addons\map_altis_data_layers.pbo - 135913
19:49:41 addons\map_altis_data_layers_00_00.pbo - 0000
19:49:41 addons\map_altis_data_layers_00_01.pbo - 0000
19:49:41 addons\map_altis_data_layers_01_00.pbo - 0000
19:49:41 addons\map_altis_data_layers_01_01.pbo - 0000
19:49:41 addons\map_altis_scenes_f.pbo - 119459
19:49:41 addons\map_data.pbo - 134124
19:49:41 addons\map_stratis.pbo - 135888
19:49:41 addons\map_stratis_data.pbo - 135888
19:49:41 addons\map_stratis_data_layers.pbo - 135888
19:49:41 addons\map_stratis_scenes_f.pbo - 119459
19:49:41 addons\map_vr.pbo - 135900
19:49:41 addons\map_vr_scenes_f.pbo - 119459
19:49:41 addons\misc_f.pbo - 119459
19:49:41 addons\missions_f.pbo - 129735
19:49:41 addons\missions_f_beta.pbo - 122470
19:49:41 addons\missions_f_beta_data.pbo - 119459
19:49:41 addons\missions_f_beta_video.pbo - 119459
19:49:41 addons\missions_f_bootcamp.pbo - 129645
19:49:41 addons\missions_f_bootcamp_data.pbo - 119459
19:49:41 addons\missions_f_bootcamp_video.pbo - 119459
19:49:41 addons\missions_f_data.pbo - 119459
19:49:41 addons\missions_f_epa.pbo - 132519
19:49:41 addons\missions_f_epa_data.pbo - 119459
19:49:41 addons\missions_f_epa_video.pbo - 119459
19:49:41 addons\missions_f_epb.pbo - 119459
19:49:41 addons\missions_f_epc.pbo - 119459
19:49:41 addons\missions_f_exp_a.pbo - 121496
19:49:41 addons\missions_f_exp_a_data.pbo - 119459
19:49:41 addons\missions_f_gamma.pbo - 133233
19:49:41 addons\missions_f_gamma_data.pbo - 119459
19:49:41 addons\missions_f_gamma_video.pbo - 119459
19:49:41 addons\missions_f_video.pbo - 119459
19:49:41 addons\missions_f_warlords.pbo - 137544
19:49:41 addons\modules_f.pbo - 124453
19:49:41 addons\modules_f_beta.pbo - 119459
19:49:41 addons\modules_f_beta_data.pbo - 119459
19:49:41 addons\modules_f_bootcamp.pbo - 119459
19:49:41 addons\modules_f_data.pbo - 122470
19:49:41 addons\modules_f_epb.pbo - 134655
19:49:41 addons\modules_f_exp_a.pbo - 119459
19:49:41 addons\modules_f_warlords.pbo - 136703
19:49:41 addons\music_f.pbo - 119459
19:49:41 addons\music_f_bootcamp.pbo - 119459
19:49:41 addons\music_f_bootcamp_music.pbo - 119459
19:49:41 addons\music_f_epa.pbo - 119459
19:49:41 addons\music_f_epa_music.pbo - 119459
19:49:41 addons\music_f_epb.pbo - 119459
19:49:41 addons\music_f_epb_music.pbo - 119459
19:49:41 addons\music_f_epc.pbo - 119459
19:49:41 addons\music_f_epc_music.pbo - 119477
19:49:41 addons\music_f_music.pbo - 119477
19:49:41 addons\plants_f.pbo - 126807
19:49:41 addons\props_f_exp_a.pbo - 129371
19:49:41 addons\roads_f.pbo - 127271
19:49:41 addons\rocks_f.pbo - 127271
19:49:41 addons\signs_f.pbo - 136481
19:49:41 addons\soft_f.pbo - 133870
19:49:41 addons\soft_f_beta.pbo - 133871
19:49:41 addons\soft_f_bootcamp.pbo - 129739
19:49:41 addons\soft_f_epc.pbo - 136818
19:49:41 addons\soft_f_gamma.pbo - 135248
19:49:41 addons\sounds_f.pbo - 136618
19:49:41 addons\sounds_f_arsenal.pbo - 127887
19:49:41 addons\sounds_f_bootcamp.pbo - 119477
19:49:41 addons\sounds_f_characters.pbo - 133117
19:49:41 addons\sounds_f_environment.pbo - 120046
19:49:41 addons\sounds_f_epb.pbo - 126923
19:49:41 addons\sounds_f_epc.pbo - 125380
19:49:41 addons\sounds_f_exp_a.pbo - 119477
19:49:41 addons\sounds_f_mod.pbo - 131534
19:49:41 addons\sounds_f_sfx.pbo - 119477
19:49:41 addons\sounds_f_vehicles.pbo - 128448
19:49:41 addons\static_f.pbo - 132364
19:49:41 addons\static_f_beta.pbo - 132365
19:49:41 addons\static_f_gamma.pbo - 122615
19:49:41 addons\structures_f.pbo - 136213
19:49:41 addons\structures_f_bootcamp.pbo - 123488
19:49:41 addons\structures_f_data.pbo - 130046
19:49:41 addons\structures_f_epa.pbo - 135441
19:49:41 addons\structures_f_epb.pbo - 126137
19:49:41 addons\structures_f_epc.pbo - 123407
19:49:41 addons\structures_f_exp_a.pbo - 132665
19:49:41 addons\structures_f_households.pbo - 129369
19:49:41 addons\structures_f_ind.pbo - 136213
19:49:41 addons\structures_f_mil.pbo - 135984
19:49:41 addons\structures_f_wrecks.pbo - 129371
19:49:41 addons\uifonts_f.pbo - 119478
19:49:41 addons\uifonts_f_data.pbo - 128439
19:49:41 addons\ui_f.pbo - 136109
19:49:41 addons\ui_f_bootcamp.pbo - 119478
19:49:41 addons\ui_f_data.pbo - 135221
19:49:41 addons\ui_f_exp_a.pbo - 119478
19:49:41 addons\weapons_f.pbo - 136759
19:49:41 addons\weapons_f_beta.pbo - 133007
19:49:41 addons\weapons_f_bootcamp.pbo - 124358
19:49:41 addons\weapons_f_epa.pbo - 124514
19:49:41 addons\weapons_f_epb.pbo - 124216
19:49:41 addons\weapons_f_epc.pbo - 130416
19:49:41 addons\weapons_f_gamma.pbo - 120217
19:49:41 addons\weapons_f_mod.pbo - 136854
19:49:41 
19:49:41 =======================
19:49:41 
19:49:42 ============================================================================================= List of mods ===============================================================================================
19:49:42 modsReadOnly = true
19:49:42 safeModsActivated = false
19:49:42 customMods = true
19:49:42 hash = 'D93D54D69FC6063EDF9377A52CAFC0CEE1D1E63C'
19:49:42 hashShort = '3fd09046'
19:49:42                                               name |               modDir |    default |               origin |                                     hash | hashShort | fullPath
19:49:42 ----------------------------------------------------------------------------------------------------------------------------------------------------------------------------------------------------------
19:49:42                                       @infiSTAR_A3 |         @infiSTAR_A3 |      false |             GAME DIR | 4b0a09165e1b007e61436763cced4fdb8f4fbf35 |  cf240671 | C:\Program Files (x86)\Steam\steamapps\common\Arna 3 Servers\Arma 3 Server\@infiSTAR_A3
19:49:42                                       @life_server |         @life_server |      false |             GAME DIR | 92429ef1d001fb5447328c3992fb367223ba7e86 |  14203138 | C:\Program Files (x86)\Steam\steamapps\common\Arna 3 Servers\Arma 3 Server\@life_server
19:49:42                                            @extDB3 |              @extDB3 |      false |             GAME DIR | fc2fba11513d2d95850f3dedcc1df4465c19283e |  5518e4df | C:\Program Files (x86)\Steam\steamapps\common\Arna 3 Servers\Arma 3 Server\@extDB3
19:49:42                                       Arma 3 Tanks |                 tank |       true |             GAME DIR | 1687d1a28082a88df48d9a56f2f39bd547c059c4 |  df9a305a | C:\Program Files (x86)\Steam\steamapps\common\Arna 3 Servers\Arma 3 Server\tank
19:49:42                                     Arma 3 Tac-Ops |               tacops |       true |             GAME DIR | 681413cb6415a601f1e0728a6c25720be3d49ae4 |  e5ebfd02 | C:\Program Files (x86)\Steam\steamapps\common\Arna 3 Servers\Arma 3 Server\tacops
19:49:42                                 Arma 3 Laws of War |               orange |       true |             GAME DIR | 6e8274be7b769cfd0472e7a3034f95f80492ce83 |  eaa5b563 | C:\Program Files (x86)\Steam\steamapps\common\Arna 3 Servers\Arma 3 Server\orange
19:49:42                                    Arma 3 Marksmen |                 mark |       true |             GAME DIR | 8a4f6eb4dc1c96b47ea37bc1bafbe161df71dc93 |  267c31c4 | C:\Program Files (x86)\Steam\steamapps\common\Arna 3 Servers\Arma 3 Server\mark
19:49:42                                       Arma 3 Karts |                 kart |       true |             GAME DIR | 6b1e56eed8f1e8bf598576c32be2f440eda5bf1f |  5e2d7aba | C:\Program Files (x86)\Steam\steamapps\common\Arna 3 Servers\Arma 3 Server\kart
19:49:42                                        Arma 3 Jets |                 jets |       true |             GAME DIR | 7483cc52ff5decc7a262a40353703f75663c70c2 |  5e99a6c1 | C:\Program Files (x86)\Steam\steamapps\common\Arna 3 Servers\Arma 3 Server\jets
19:49:42                                 Arma 3 Helicopters |                 heli |       true |             GAME DIR | 0d9b4822c62634ca9dac79f18f6efab669971211 |  3473e417 | C:\Program Files (x86)\Steam\steamapps\common\Arna 3 Servers\Arma 3 Server\heli
19:49:42                                        Arma 3 Zeus |              curator |       true |             GAME DIR | bc4789f5b4e1fc0cff757c153778678b2489d718 |  eaf13475 | C:\Program Files (x86)\Steam\steamapps\common\Arna 3 Servers\Arma 3 Server\curator
19:49:42                                      Arma 3 Malden |                 argo |       true |             GAME DIR | adc7fbd43eabf6acc97aef5f87b2b5e3f2b33b08 |  f784a4d6 | C:\Program Files (x86)\Steam\steamapps\common\Arna 3 Servers\Arma 3 Server\argo
19:49:42                                Arma 3 DLC Bundle 2 |           dlcbundle2 |       true |            NOT FOUND |                                          |           | 
19:49:42                                Arma 3 DLC Bundle 1 |            dlcbundle |       true |            NOT FOUND |                                          |           | 
19:49:42                                        Arma 3 Apex |            expansion |       true |             GAME DIR | 559a5cf8309fee9d3297b17f481dd23d0e7c1cdb |  578970e7 | C:\Program Files (x86)\Steam\steamapps\common\Arna 3 Servers\Arma 3 Server\expansion
19:49:42                                             Arma 3 |                   A3 |       true |            NOT FOUND |                                          |           | 
19:49:42 ==========================================================================================================================================================================================================
19:49:43 InitSound ...
19:49:43 InitSound - complete
19:49:43 PhysX3 SDK Init started ...
19:49:43 PhysX3 SDK Init ended.
19:49:46 core\skyobject\skyobject.p3d: No geometry and no visual shape
19:49:46 a3\data_f\krater.p3d: No geometry and no visual shape
19:49:46 a3\data_f\koule.p3d: No geometry and no visual shape
19:49:47 Warning Message: You cannot play/edit this mission; it is dependent on downloadable content that has been deleted.
a3_characters_f
19:49:47 Loading movesType CfgGesturesMale
19:49:47 Animation a3\anims_f\data\anim\sdr\gst\gestureempty.rtm not found or empty
19:49:48 MovesType CfgGesturesMale load time 293 ms
19:49:48 Loading movesType CfgMovesMaleSdr
19:49:55 MovesType CfgMovesMaleSdr load time 7839 ms
19:49:55 a3\characters_f\proxies\flag.p3d: No geometry and no visual shape
19:49:56 VoteThreshold must be in 0..1 range. Defaulting to 0.5
Initializing Steam server - Game Port: 2302, Steam Query Port: 2303
Steam AppId in current environment: 107410
Connected to Steam servers
Unsupported language English in stringtable
Unsupported language English in stringtable
BEServer: cannot find channel #693600588, users.card=0
BEServer: cannot find channel #693600588, users.card=0
BEServer: registering a new player #693600588
Server error: Player without identity Aquaman (id 693600588)
Server error: Player without identity Aquaman (id 693600588)
Server error: Player without identity Aquaman (id 693600588)
Server error: Player without identity Aquaman (id 693600588)
Server error: Player without identity Aquaman (id 693600588)
Server error: Player without identity Aquaman (id 693600588)
Server error: Player without identity Aquaman (id 693600588)
Server error: Player without identity Aquaman (id 693600588)
Server error: Player without identity Aquaman (id 693600588)
Server error: Player without identity Aquaman (id 693600588)
Server error: Player without identity Aquaman (id 693600588)
Server error: Player without identity Aquaman (id 693600588)
Server error: Player without identity Aquaman (id 693600588)
Server error: Player without identity Aquaman (id 693600588)
Server error: Player without identity Aquaman (id 693600588)
Server error: Player without identity Aquaman (id 693600588)
Server error: Player without identity Aquaman (id 693600588)
Server error: Player without identity Aquaman (id 693600588)
Server error: Player without identity Aquaman (id 693600588)
Deinitialized shape [Class: "C_Soldier_VR_F"; Shape: "a3\characters_f_bootcamp\common\vr_soldier_f.p3d";]
c:\bis\source\stable\futura\lib\network\networkserver.cpp ClearNetServer:NOT IMPLEMENTED - briefing!
Extensions:
