14.01.2019 00:21:15: 0h 1min | Aquaman(76561198095943386) | 250K Bank
14.01.2019 00:21:15: 0h 1min | Aquaman(76561198095943386) | 250K Bank
14.01.2019 00:21:15: 0h 1min | Aquaman(76561198095943386) | 250K Bank
14.01.2019 00:21:23: 0h 1min | Aquaman(76561198095943386) | 10.000K Bank
14.01.2019 00:21:23: 0h 1min | Aquaman(76561198095943386) | 10.000K Bank
14.01.2019 00:21:31: 0h 2min | Aquaman(76561198095943386) | 100K Cash
14.01.2019 00:21:31: 0h 2min | Aquaman(76561198095943386) | 100K Cash
14.01.2019 00:21:32: 0h 2min | Aquaman(76561198095943386) | 10.000K Cash
14.01.2019 00:21:33: 0h 2min | Aquaman(76561198095943386) | 5.000K Cash
14.01.2019 00:21:34: 0h 2min | Aquaman(76561198095943386) | 2.500K Cash
14.01.2019 00:21:35: 0h 2min | Aquaman(76561198095943386) | 1.150K Cash
14.01.2019 00:21:38: 0h 2min | Aquaman(76561198095943386) | 2.500K Bank
14.01.2019 00:21:39: 0h 2min | Aquaman(76561198095943386) | 1.150K Bank
14.01.2019 00:21:40: 0h 2min | Aquaman(76561198095943386) | 750K Bank
14.01.2019 00:21:41: 0h 2min | Aquaman(76561198095943386) | 1.150K Bank
14.01.2019 00:21:45: 0h 2min | Aquaman(76561198095943386) | 10.000K Bank
14.01.2019 00:21:45: 0h 2min | Aquaman(76561198095943386) | 2.500K Bank
14.01.2019 00:21:46: 0h 2min | Aquaman(76561198095943386) | 5.000K Bank
14.01.2019 00:21:46: 0h 2min | Aquaman(76561198095943386) | 2.500K Bank
14.01.2019 00:21:47: 0h 2min | Aquaman(76561198095943386) | 1.150K Bank
14.01.2019 00:21:47: 0h 2min | Aquaman(76561198095943386) | 750K Bank
14.01.2019 00:21:48: 0h 2min | Aquaman(76561198095943386) | 500K Bank
14.01.2019 00:21:49: 0h 2min | Aquaman(76561198095943386) | 750K Bank
14.01.2019 00:21:50: 0h 2min | Aquaman(76561198095943386) | 1.150K Bank
14.01.2019 00:21:56: 0h 2min | Aquaman(76561198095943386) | 50K Cash
14.01.2019 00:21:57: 0h 2min | Aquaman(76561198095943386) | 100K Cash
14.01.2019 00:21:57: 0h 2min | Aquaman(76561198095943386) | 500K Cash
14.01.2019 00:21:58: 0h 2min | Aquaman(76561198095943386) | 1.150K Cash
14.01.2019 00:21:59: 0h 2min | Aquaman(76561198095943386) | 2.500K Cash
14.01.2019 00:21:59: 0h 2min | Aquaman(76561198095943386) | 1.150K Cash
14.01.2019 00:22:00: 0h 2min | Aquaman(76561198095943386) | 1.150K Cash
14.01.2019 00:22:00: 0h 2min | Aquaman(76561198095943386) | 1.150K Cash
14.01.2019 00:22:00: 0h 2min | Aquaman(76561198095943386) | 500K Cash
14.01.2019 00:22:01: 0h 2min | Aquaman(76561198095943386) | 2.500K Cash
14.01.2019 00:22:01: 0h 2min | Aquaman(76561198095943386) | 5.000K Cash
14.01.2019 00:22:07: 0h 2min | Aquaman(76561198095943386) | 10.000K Cash
14.01.2019 00:22:11: 0h 2min | Aquaman(76561198095943386) | 10.000K Cash
14.01.2019 00:22:15: 0h 2min | Aquaman(76561198095943386) | 10.000K Bank
14.01.2019 00:22:22: 0h 2min | Aquaman(76561198095943386) | 10.000K Bank
14.01.2019 00:22:27: 0h 3min | Aquaman(76561198095943386) | 100K Bank
14.01.2019 00:22:28: 0h 3min | Aquaman(76561198095943386) | 100K Bank
14.01.2019 00:22:28: 0h 3min | Aquaman(76561198095943386) | 100K Bank
14.01.2019 00:23:04: 0h 3min | Aquaman(76561198095943386) | Teleport to [25695,21390.5,0](GPS: 256213)
14.01.2019 00:25:47: 0h 6min | Aquaman(76561198095943386) | AdminConsole
14.01.2019 00:25:51: 0h 6min | Aquaman(76561198095943386) | 10.000K Bank
14.01.2019 00:25:52: 0h 6min | Aquaman(76561198095943386) | 10.000K Bank
14.01.2019 00:25:52: 0h 6min | Aquaman(76561198095943386) | 10.000K Bank
14.01.2019 00:25:52: 0h 6min | Aquaman(76561198095943386) | 10.000K Bank
14.01.2019 00:25:53: 0h 6min | Aquaman(76561198095943386) | 10.000K Bank
14.01.2019 00:25:53: 0h 6min | Aquaman(76561198095943386) | 10.000K Bank
14.01.2019 00:25:54: 0h 6min | Aquaman(76561198095943386) | 10.000K Bank
14.01.2019 00:25:54: 0h 6min | Aquaman(76561198095943386) | 10.000K Bank
14.01.2019 00:25:54: 0h 6min | Aquaman(76561198095943386) | 10.000K Bank
14.01.2019 00:25:55: 0h 6min | Aquaman(76561198095943386) | 10.000K Bank
14.01.2019 00:25:55: 0h 6min | Aquaman(76561198095943386) | 10.000K Bank
14.01.2019 00:26:02: 0h 6min | Aquaman(76561198095943386) | 10.000K Bank
14.01.2019 00:26:02: 0h 6min | Aquaman(76561198095943386) | 5.000K Bank
14.01.2019 00:26:07: 0h 6min | Aquaman(76561198095943386) | 10.000K Cash
14.01.2019 00:26:07: 0h 6min | Aquaman(76561198095943386) | 10.000K Cash
14.01.2019 00:26:08: 0h 6min | Aquaman(76561198095943386) | 10.000K Cash
14.01.2019 00:26:08: 0h 6min | Aquaman(76561198095943386) | 10.000K Cash
14.01.2019 00:26:09: 0h 6min | Aquaman(76561198095943386) | 10.000K Cash
14.01.2019 00:26:09: 0h 6min | Aquaman(76561198095943386) | 10.000K Cash
14.01.2019 00:26:09: 0h 6min | Aquaman(76561198095943386) | 10.000K Cash
14.01.2019 00:26:10: 0h 6min | Aquaman(76561198095943386) | 10.000K Cash
14.01.2019 00:26:10: 0h 6min | Aquaman(76561198095943386) | 10.000K Cash
14.01.2019 00:26:10: 0h 6min | Aquaman(76561198095943386) | 10.000K Cash
14.01.2019 00:26:11: 0h 6min | Aquaman(76561198095943386) | 10.000K Cash
14.01.2019 00:26:11: 0h 6min | Aquaman(76561198095943386) | 10.000K Cash
14.01.2019 00:26:11: 0h 6min | Aquaman(76561198095943386) | 10.000K Cash
14.01.2019 00:26:12: 0h 6min | Aquaman(76561198095943386) | 10.000K Cash
14.01.2019 00:26:12: 0h 6min | Aquaman(76561198095943386) | 10.000K Cash
14.01.2019 00:26:12: 0h 6min | Aquaman(76561198095943386) | 10.000K Cash
14.01.2019 00:26:13: 0h 6min | Aquaman(76561198095943386) | 10.000K Cash
14.01.2019 00:26:13: 0h 6min | Aquaman(76561198095943386) | 10.000K Cash
14.01.2019 00:26:14: 0h 6min | Aquaman(76561198095943386) | 10.000K Cash
14.01.2019 00:26:14: 0h 6min | Aquaman(76561198095943386) | 10.000K Cash
14.01.2019 00:26:14: 0h 6min | Aquaman(76561198095943386) | 10.000K Cash
14.01.2019 00:26:15: 0h 6min | Aquaman(76561198095943386) | 10.000K Cash
14.01.2019 00:26:15: 0h 6min | Aquaman(76561198095943386) | 10.000K Cash
14.01.2019 00:26:15: 0h 6min | Aquaman(76561198095943386) | 10.000K Cash
14.01.2019 00:26:16: 0h 6min | Aquaman(76561198095943386) | 10.000K Cash
14.01.2019 00:26:16: 0h 6min | Aquaman(76561198095943386) | 10.000K Cash
