13.01.2019 23:57:40: Start
13.01.2019 23:57:41: ERROR: PROTECTION: Server IP (2a00:23c4:c60a:e900:90ad:dcff:cf4:97a2) is not whitelisted for cb76e46c83db5e8fe26e476f117876bd - please go to (https://webinterface.infistar.de/licenses) to manage the whitelist.
13.01.2019 23:57:41: infiSTAR can not verify the license and won't start!
13.01.2019 23:57:41: ERROR: PROTECTION: Server IP (2a00:23c4:c60a:e900:90ad:dcff:cf4:97a2) is not whitelisted for cb76e46c83db5e8fe26e476f117876bd - please go to (https://webinterface.infistar.de/licenses) to manage the whitelist.
14.01.2019 00:03:52: START ERROR: PROTECTION: Server IP (2a00:23c4:c60a:e900:90ad:dcff:cf4:97a2) is not whitelisted for cb76e46c83db5e8fe26e476f117876bd - please go to (https://webinterface.infistar.de/licenses) to manage the whitelist.
14.01.2019 00:03:52: infiSTAR can not verify the license and won't start!
14.01.2019 00:03:52: START ERROR: PROTECTION: Server IP (2a00:23c4:c60a:e900:90ad:dcff:cf4:97a2) is not whitelisted for cb76e46c83db5e8fe26e476f117876bd - please go to (https://webinterface.infistar.de/licenses) to manage the whitelist.
14.01.2019 00:15:08: START ERROR: PROTECTION: Server IP (2a00:23c4:c60a:e900:90ad:dcff:cf4:97a2) is not whitelisted for cb76e46c83db5e8fe26e476f117876bd - please go to (https://webinterface.infistar.de/licenses) to manage the whitelist.
14.01.2019 00:15:08: infiSTAR can not verify the license and won't start!
14.01.2019 00:15:08: START ERROR: PROTECTION: Server IP (2a00:23c4:c60a:e900:90ad:dcff:cf4:97a2) is not whitelisted for cb76e46c83db5e8fe26e476f117876bd - please go to (https://webinterface.infistar.de/licenses) to manage the whitelist.
14.01.2019 19:51:46: START ERROR: PROTECTION: Server IP (2a00:23c4:c60a:e900:dc08:f2c:908c:134d) is not whitelisted for cb76e46c83db5e8fe26e476f117876bd - please go to (https://webinterface.infistar.de/licenses) to manage the whitelist.
14.01.2019 19:51:46: infiSTAR can not verify the license and won't start!
14.01.2019 19:51:46: START ERROR: PROTECTION: Server IP (2a00:23c4:c60a:e900:dc08:f2c:908c:134d) is not whitelisted for cb76e46c83db5e8fe26e476f117876bd - please go to (https://webinterface.infistar.de/licenses) to manage the whitelist.
14.01.2019 19:53:47: START ERROR: PROTECTION: Server IP (2a00:23c4:c60a:e900:dc08:f2c:908c:134d) is not whitelisted for cb76e46c83db5e8fe26e476f117876bd - please go to (https://webinterface.infistar.de/licenses) to manage the whitelist.
14.01.2019 19:53:47: infiSTAR can not verify the license and won't start!
14.01.2019 19:53:47: START ERROR: PROTECTION: Server IP (2a00:23c4:c60a:e900:dc08:f2c:908c:134d) is not whitelisted for cb76e46c83db5e8fe26e476f117876bd - please go to (https://webinterface.infistar.de/licenses) to manage the whitelist.
14.01.2019 20:29:54: START ERROR: PROTECTION: Server IP (2a00:23c4:c60a:e900:dc08:f2c:908c:134d) is not whitelisted for cb76e46c83db5e8fe26e476f117876bd - please go to (https://webinterface.infistar.de/licenses) to manage the whitelist.
14.01.2019 20:29:54: infiSTAR can not verify the license and won't start!
14.01.2019 20:29:54: START ERROR: PROTECTION: Server IP (2a00:23c4:c60a:e900:dc08:f2c:908c:134d) is not whitelisted for cb76e46c83db5e8fe26e476f117876bd - please go to (https://webinterface.infistar.de/licenses) to manage the whitelist.
14.01.2019 21:45:08: START ERROR: PROTECTION: Server IP (2a00:23c4:c60a:e900:dc08:f2c:908c:134d) is not whitelisted for cb76e46c83db5e8fe26e476f117876bd - please go to (https://webinterface.infistar.de/licenses) to manage the whitelist.
14.01.2019 21:45:08: infiSTAR can not verify the license and won't start!
14.01.2019 21:45:08: START ERROR: PROTECTION: Server IP (2a00:23c4:c60a:e900:dc08:f2c:908c:134d) is not whitelisted for cb76e46c83db5e8fe26e476f117876bd - please go to (https://webinterface.infistar.de/licenses) to manage the whitelist.
