13.01.2019 23:57:41: Checking infiSTAR license..
13.01.2019 23:57:41: infiSTAR customerID found.
13.01.2019 23:57:41: infiSTAR productLicense found.
13.01.2019 23:57:41: infiSTAR license result: PROTECTION: Server IP (2a00:23c4:c60a:e900:90ad:dcff:cf4:97a2) is not whitelisted for cb76e46c83db5e8fe26e476f117876bd - please go to (https://webinterface.infistar.de/licenses) to manage the whitelist.
14.01.2019 00:03:52: Checking infiSTAR license..
14.01.2019 00:03:52: infiSTAR customerID found.
14.01.2019 00:03:52: infiSTAR productLicense found.
14.01.2019 00:03:52: infiSTAR serverName found: NMD | Dan
14.01.2019 00:03:52: infiSTAR license result: PROTECTION: Server IP (2a00:23c4:c60a:e900:90ad:dcff:cf4:97a2) is not whitelisted for cb76e46c83db5e8fe26e476f117876bd - please go to (https://webinterface.infistar.de/licenses) to manage the whitelist.
14.01.2019 00:15:07: Checking infiSTAR license..
14.01.2019 00:15:07: infiSTAR customerID found.
14.01.2019 00:15:07: infiSTAR productLicense found.
14.01.2019 00:15:07: infiSTAR serverName found: NMD | Dan
14.01.2019 00:15:08: infiSTAR license result: PROTECTION: Server IP (2a00:23c4:c60a:e900:90ad:dcff:cf4:97a2) is not whitelisted for cb76e46c83db5e8fe26e476f117876bd - please go to (https://webinterface.infistar.de/licenses) to manage the whitelist.
14.01.2019 00:18:14: Checking infiSTAR license..
14.01.2019 00:18:14: infiSTAR customerID found.
14.01.2019 00:18:14: infiSTAR productLicense found.
14.01.2019 00:18:14: infiSTAR serverName found: NMD | Dan
14.01.2019 00:18:14: infiSTAR license result: ok
14.01.2019 00:20:34: Checking infiSTAR license..
14.01.2019 00:20:34: infiSTAR customerID found.
14.01.2019 00:20:34: infiSTAR productLicense found.
14.01.2019 00:20:34: infiSTAR serverName found: NMD | Dan
14.01.2019 00:20:34: infiSTAR license result: ok
14.01.2019 19:51:45: Checking infiSTAR license..
14.01.2019 19:51:45: infiSTAR customerID found.
14.01.2019 19:51:45: infiSTAR productLicense found.
14.01.2019 19:51:45: infiSTAR serverName found: NMD | Dan
14.01.2019 19:51:46: infiSTAR license result: PROTECTION: Server IP (2a00:23c4:c60a:e900:dc08:f2c:908c:134d) is not whitelisted for cb76e46c83db5e8fe26e476f117876bd - please go to (https://webinterface.infistar.de/licenses) to manage the whitelist.
14.01.2019 19:53:46: Checking infiSTAR license..
14.01.2019 19:53:46: infiSTAR customerID found.
14.01.2019 19:53:46: infiSTAR productLicense found.
14.01.2019 19:53:46: infiSTAR serverName found: NMD | Dan
14.01.2019 19:53:47: infiSTAR license result: PROTECTION: Server IP (2a00:23c4:c60a:e900:dc08:f2c:908c:134d) is not whitelisted for cb76e46c83db5e8fe26e476f117876bd - please go to (https://webinterface.infistar.de/licenses) to manage the whitelist.
14.01.2019 20:29:53: Checking infiSTAR license..
14.01.2019 20:29:53: infiSTAR customerID found.
14.01.2019 20:29:53: infiSTAR productLicense found.
14.01.2019 20:29:53: infiSTAR serverName found: NMD | Dan
14.01.2019 20:29:54: infiSTAR license result: PROTECTION: Server IP (2a00:23c4:c60a:e900:dc08:f2c:908c:134d) is not whitelisted for cb76e46c83db5e8fe26e476f117876bd - please go to (https://webinterface.infistar.de/licenses) to manage the whitelist.
14.01.2019 21:45:08: Checking infiSTAR license..
14.01.2019 21:45:08: infiSTAR customerID found.
14.01.2019 21:45:08: infiSTAR productLicense found.
14.01.2019 21:45:08: infiSTAR serverName found: NMD | Dan
14.01.2019 21:45:08: infiSTAR license result: PROTECTION: Server IP (2a00:23c4:c60a:e900:dc08:f2c:908c:134d) is not whitelisted for cb76e46c83db5e8fe26e476f117876bd - please go to (https://webinterface.infistar.de/licenses) to manage the whitelist.
16.01.2019 20:58:02: Checking infiSTAR license..
16.01.2019 20:58:02: infiSTAR customerID found.
16.01.2019 20:58:02: infiSTAR productLicense found.
16.01.2019 20:58:03: infiSTAR license result: ok
16.01.2019 21:02:51: Checking infiSTAR license..
16.01.2019 21:02:51: infiSTAR customerID found.
16.01.2019 21:02:51: infiSTAR productLicense found.
16.01.2019 21:02:51: infiSTAR serverName found: NMD | Dan
16.01.2019 21:02:52: infiSTAR license result: ok
16.01.2019 21:10:57: Checking infiSTAR license..
16.01.2019 21:10:57: infiSTAR customerID found.
16.01.2019 21:10:57: infiSTAR productLicense found.
16.01.2019 21:10:57: infiSTAR serverName found: NMD | Dan
16.01.2019 21:10:57: infiSTAR license result: ok
16.01.2019 21:18:58: Checking infiSTAR license..
16.01.2019 21:18:58: infiSTAR customerID found.
16.01.2019 21:18:58: infiSTAR productLicense found.
16.01.2019 21:18:58: infiSTAR serverName found: NMD | Dan
16.01.2019 21:18:58: infiSTAR license result: ok
16.01.2019 21:40:13: Checking infiSTAR license..
16.01.2019 21:40:13: infiSTAR customerID found.
16.01.2019 21:40:13: infiSTAR productLicense found.
16.01.2019 21:40:13: infiSTAR serverName found: NMD | Dan
16.01.2019 21:40:13: infiSTAR license result: ok
16.01.2019 23:03:27: Checking infiSTAR license..
16.01.2019 23:03:27: infiSTAR customerID found.
16.01.2019 23:03:27: infiSTAR productLicense found.
16.01.2019 23:03:27: infiSTAR serverName found: NMD | Dan
16.01.2019 23:03:28: infiSTAR license result: ok
